TN:
SF:B:\element-imitate\test\unit\index.js
FN:1,(anonymous_1)
FN:6,__webpack_require__
FN:37,(anonymous_3)
FN:48,(anonymous_4)
FN:50,getDefault
FN:51,getModuleExports
FN:57,(anonymous_7)
FN:68,(anonymous_8)
FN:95,(anonymous_9)
FN:107,(anonymous_10)
FN:168,(anonymous_11)
FN:175,(anonymous_12)
FN:199,inspect
FN:203,(anonymous_14)
FN:209,(anonymous_15)
FN:220,formatValue
FN:349,(anonymous_17)
FN:360,formatPrimitive
FN:387,formatError
FN:392,formatArray
FN:402,(anonymous_21)
FN:412,formatProperty
FN:439,(anonymous_23)
FN:443,(anonymous_24)
FN:472,reduceToSingleString
FN:474,(anonymous_26)
FN:492,isArray
FN:497,isRegExp
FN:501,isDate
FN:505,isError
FN:509,objectToString
FN:516,(anonymous_32)
FN:533,exclude
FN:536,excludeProps
FN:537,(anonymous_35)
FN:542,extendExclude
FN:572,AssertionError
FN:623,(anonymous_38)
FN:638,(anonymous_39)
FN:657,(anonymous_40)
FN:664,(anonymous_41)
FN:682,(anonymous_42)
FN:692,(anonymous_43)
FN:720,(anonymous_44)
FN:748,(anonymous_45)
FN:779,(anonymous_46)
FN:799,(anonymous_47)
FN:831,getPathInfo
FN:865,parsePath
FN:868,(anonymous_50)
FN:892,_getPathValue
FN:916,(anonymous_52)
FN:968,hasProperty
FN:986,(anonymous_54)
FN:991,add
FN:999,(anonymous_56)
FN:1016,(anonymous_57)
FN:1021,webpackContext
FN:1024,webpackContextResolve
FN:1030,webpackContextKeys
FN:1039,(anonymous_61)
FN:1049,(anonymous_62)
FN:1050,(anonymous_63)
FN:1058,(anonymous_64)
FN:1065,(anonymous_65)
FN:1104,(anonymous_66)
FN:1164,(anonymous_67)
FN:1300,(anonymous_68)
FN:1325,(anonymous_69)
FN:1334,(anonymous_70)
FN:1361,getType
FN:1385,Library
FN:1434,(anonymous_73)
FN:1458,(anonymous_74)
FN:1474,(anonymous_75)
FN:1500,(anonymous_76)
FN:1502,(anonymous_77)
FN:1506,(anonymous_78)
FN:1512,(anonymous_79)
FN:1522,(anonymous_80)
FN:1558,(anonymous_81)
FN:1569,(anonymous_82)
FN:1570,(anonymous_83)
FN:1571,(anonymous_84)
FN:1579,(anonymous_85)
FN:1600,getProperties
FN:1603,addProperty
FN:1621,(anonymous_88)
FN:1642,getEnumerableProperties
FN:1653,(anonymous_90)
FN:1660,(anonymous_91)
FN:1682,(anonymous_92)
FN:1701,deepEqual
FN:1731,sameValue
FN:1747,typeEqual
FN:1760,dateEqual
FN:1774,regexpEqual
FN:1790,argumentsEqual
FN:1804,enumerable
FN:1819,iterableEqual
FN:1844,bufferEqual
FN:1857,isValue
FN:1872,objectEqual
FN:1923,(anonymous_104)
FN:1930,(anonymous_105)
FN:1968,getType
FN:1990,Library
FN:2038,(anonymous_108)
FN:2062,(anonymous_109)
FN:2078,(anonymous_110)
FN:2081,(anonymous_111)
FN:2132,typedArraySupport
FN:2135,(anonymous_113)
FN:2144,kMaxLength
FN:2150,createBuffer
FN:2179,Buffer
FN:2199,(anonymous_117)
FN:2204,from
FN:2228,(anonymous_119)
FN:2245,assertSize
FN:2253,alloc
FN:2273,(anonymous_122)
FN:2277,allocUnsafe
FN:2291,(anonymous_124)
FN:2297,(anonymous_125)
FN:2301,fromString
FN:2325,fromArrayLike
FN:2334,fromArrayBuffer
FN:2364,fromObject
FN:2394,checked
FN:2404,SlowBuffer
FN:2411,isBuffer
FN:2415,compare
FN:2438,isEncoding
FN:2457,concat
FN:2487,byteLength
FN:2532,slowToString
FN:2606,swap
FN:2612,swap16
FN:2623,swap32
FN:2635,swap64
FN:2649,toString
FN:2656,equals
FN:2662,inspect
FN:2672,compare
FN:2740,bidirectionalIndexOf
FN:2797,arrayIndexOf
FN:2816,read
FN:2853,includes
FN:2857,indexOf
FN:2861,lastIndexOf
FN:2865,hexWrite
FN:2892,utf8Write
FN:2896,asciiWrite
FN:2900,latin1Write
FN:2904,base64Write
FN:2908,ucs2Write
FN:2912,write
FN:2984,toJSON
FN:2991,base64Slice
FN:2999,utf8Slice
FN:3077,decodeCodePointsArray
FN:3095,asciiSlice
FN:3105,latin1Slice
FN:3115,hexSlice
FN:3128,utf16leSlice
FN:3137,slice
FN:3176,checkOffset
FN:3181,readUIntLE
FN:3196,readUIntBE
FN:3212,readUInt8
FN:3217,readUInt16LE
FN:3222,readUInt16BE
FN:3227,readUInt32LE
FN:3236,readUInt32BE
FN:3245,readIntLE
FN:3263,readIntBE
FN:3281,readInt8
FN:3287,readInt16LE
FN:3293,readInt16BE
FN:3299,readInt32LE
FN:3308,readInt32BE
FN:3317,readFloatLE
FN:3322,readFloatBE
FN:3327,readDoubleLE
FN:3332,readDoubleBE
FN:3337,checkInt
FN:3343,writeUIntLE
FN:3362,writeUIntBE
FN:3381,writeUInt8
FN:3390,objectWriteUInt16
FN:3398,writeUInt16LE
FN:3411,writeUInt16BE
FN:3424,objectWriteUInt32
FN:3431,writeUInt32LE
FN:3446,writeUInt32BE
FN:3461,writeIntLE
FN:3484,writeIntBE
FN:3507,writeInt8
FN:3517,writeInt16LE
FN:3530,writeInt16BE
FN:3543,writeInt32LE
FN:3558,writeInt32BE
FN:3574,checkIEEE754
FN:3579,writeFloat
FN:3587,writeFloatLE
FN:3591,writeFloatBE
FN:3595,writeDouble
FN:3603,writeDoubleLE
FN:3607,writeDoubleBE
FN:3612,copy
FN:3664,fill
FN:3728,base64clean
FN:3740,stringtrim
FN:3745,toHex
FN:3750,utf8ToBytes
FN:3830,asciiToBytes
FN:3839,utf16leToBytes
FN:3855,base64ToBytes
FN:3859,blitBuffer
FN:3867,isnan
FN:3875,(anonymous_222)
FN:3880,(anonymous_223)
FN:3902,(anonymous_224)
FN:3924,placeHoldersCount
FN:3938,byteLength
FN:3943,toByteArray
FN:3974,tripletToBase64
FN:3978,encodeChunk
FN:3988,fromByteArray
FN:4023,(anonymous_231)
FN:4025,(anonymous_232)
FN:4058,(anonymous_233)
FN:4113,(anonymous_234)
FN:4117,(anonymous_235)
FN:4124,(anonymous_236)
FN:4165,(anonymous_237)
FN:4173,(anonymous_238)
FN:4210,(anonymous_239)
FN:4212,addProperty
FN:4227,(anonymous_241)
FN:4264,(anonymous_242)
FN:4265,(anonymous_243)
FN:4277,(anonymous_244)
FN:4319,(anonymous_245)
FN:4321,(anonymous_246)
FN:4327,(anonymous_247)
FN:4338,(anonymous_248)
FN:4380,(anonymous_249)
FN:4382,(anonymous_250)
FN:4387,(anonymous_251)
FN:4396,(anonymous_252)
FN:4457,(anonymous_253)
FN:4459,(anonymous_254)
FN:4474,(anonymous_255)
FN:4477,assert
FN:4496,(anonymous_257)
FN:4514,(anonymous_258)
FN:4555,(anonymous_259)
FN:4559,(anonymous_260)
FN:4565,(anonymous_261)
FN:4574,(anonymous_262)
FN:4585,(anonymous_263)
FN:4607,Assertion
FN:4614,(anonymous_265)
FN:4618,(anonymous_266)
FN:4625,(anonymous_267)
FN:4629,(anonymous_268)
FN:4635,(anonymous_269)
FN:4639,(anonymous_270)
FN:4643,(anonymous_271)
FN:4647,(anonymous_272)
FN:4651,(anonymous_273)
FN:4655,(anonymous_274)
FN:4674,(anonymous_275)
FN:4699,(anonymous_276)
FN:4702,(anonymous_277)
FN:4711,(anonymous_278)
FN:4720,(anonymous_279)
FN:4757,(anonymous_280)
FN:4758,(anonymous_281)
FN:4778,(anonymous_282)
FN:4803,(anonymous_283)
FN:4820,(anonymous_284)
FN:4839,(anonymous_285)
FN:4875,an
FN:4913,includeChainingBehavior
FN:4917,include
FN:4969,(anonymous_289)
FN:4989,(anonymous_290)
FN:5011,(anonymous_291)
FN:5033,(anonymous_292)
FN:5054,(anonymous_293)
FN:5074,(anonymous_294)
FN:5100,(anonymous_295)
FN:5125,(anonymous_296)
FN:5157,checkArguments
FN:5193,assertEqual
FN:5230,assertEql
FN:5269,assertAbove
FN:5318,assertLeast
FN:5367,assertBelow
FN:5416,assertMost
FN:5464,(anonymous_304)
FN:5504,assertInstanceOf
FN:5589,(anonymous_306)
FN:5645,assertOwnProperty
FN:5678,assertOwnPropertyDescriptor
FN:5747,assertLengthChain
FN:5751,assertLength
FN:5783,assertMatch
FN:5810,(anonymous_312)
FN:5862,assertKeys
FN:5894,(anonymous_314)
FN:5902,(anonymous_315)
FN:5912,(anonymous_316)
FN:5982,assertThrows
FN:6126,respondTo
FN:6161,(anonymous_319)
FN:6180,satisfy
FN:6212,closeTo
FN:6231,isSubsetOf
FN:6232,(anonymous_323)
FN:6235,(anonymous_324)
FN:6264,(anonymous_325)
FN:6314,oneOf
FN:6352,assertChanges
FN:6390,assertIncreases
FN:6428,assertDecreases
FN:6467,(anonymous_330)
FN:6509,(anonymous_331)
FN:6549,(anonymous_332)
FN:6577,(anonymous_333)
FN:6585,(anonymous_334)
FN:6586,(anonymous_335)
FN:6604,(anonymous_336)
FN:6617,(anonymous_337)
FN:6625,(anonymous_338)
FN:6628,loadShould
FN:6630,shouldGetter
FN:6636,shouldSetter
FN:6673,(anonymous_342)
FN:6697,(anonymous_343)
FN:6725,(anonymous_344)
FN:6743,(anonymous_345)
FN:6765,(anonymous_346)
FN:6789,(anonymous_347)
FN:6807,(anonymous_348)
FN:6824,(anonymous_349)
FN:6833,(anonymous_350)
FN:6861,(anonymous_351)
FN:6884,(anonymous_352)
FN:6909,(anonymous_353)
FN:6929,(anonymous_354)
FN:6948,(anonymous_355)
FN:6975,(anonymous_356)
FN:7002,(anonymous_357)
FN:7021,(anonymous_358)
FN:7040,(anonymous_359)
FN:7059,(anonymous_360)
FN:7078,(anonymous_361)
FN:7098,(anonymous_362)
FN:7117,(anonymous_363)
FN:7137,(anonymous_364)
FN:7156,(anonymous_365)
FN:7175,(anonymous_366)
FN:7194,(anonymous_367)
FN:7213,(anonymous_368)
FN:7231,(anonymous_369)
FN:7250,(anonymous_370)
FN:7267,(anonymous_371)
FN:7283,(anonymous_372)
FN:7302,(anonymous_373)
FN:7321,(anonymous_374)
FN:7340,(anonymous_375)
FN:7359,(anonymous_376)
FN:7379,(anonymous_377)
FN:7399,(anonymous_378)
FN:7418,(anonymous_379)
FN:7437,(anonymous_380)
FN:7456,(anonymous_381)
FN:7475,(anonymous_382)
FN:7494,(anonymous_383)
FN:7513,(anonymous_384)
FN:7535,(anonymous_385)
FN:7557,(anonymous_386)
FN:7582,(anonymous_387)
FN:7602,(anonymous_388)
FN:7624,(anonymous_389)
FN:7646,(anonymous_390)
FN:7667,(anonymous_391)
FN:7688,(anonymous_392)
FN:7707,(anonymous_393)
FN:7726,(anonymous_394)
FN:7745,(anonymous_395)
FN:7764,(anonymous_396)
FN:7784,(anonymous_397)
FN:7804,(anonymous_398)
FN:7825,(anonymous_399)
FN:7846,(anonymous_400)
FN:7868,(anonymous_401)
FN:7890,(anonymous_402)
FN:7910,(anonymous_403)
FN:7939,(anonymous_404)
FN:7968,(anonymous_405)
FN:7994,(anonymous_406)
FN:8047,(anonymous_407)
FN:8067,(anonymous_408)
FN:8087,(anonymous_409)
FN:8107,(anonymous_410)
FN:8127,(anonymous_411)
FN:8148,(anonymous_412)
FN:8167,(anonymous_413)
FN:8189,(anonymous_414)
FN:8211,(anonymous_415)
FN:8233,(anonymous_416)
FN:8255,(anonymous_417)
FN:8277,(anonymous_418)
FN:8299,(anonymous_419)
FN:8319,(anonymous_420)
FN:8340,(anonymous_421)
FN:8365,(anonymous_422)
FN:8389,(anonymous_423)
FN:8408,(anonymous_424)
FN:8429,(anonymous_425)
FN:8448,(anonymous_426)
FN:8456,alias
FN:8475,(anonymous_428)
FN:8480,webpackContext
FN:8483,webpackContextResolve
FN:8489,webpackContextKeys
FNF:431
FNH:86
FNDA:1,(anonymous_1)
FNDA:69,__webpack_require__
FNDA:0,(anonymous_3)
FNDA:0,(anonymous_4)
FNDA:0,getDefault
FNDA:0,getModuleExports
FNDA:0,(anonymous_7)
FNDA:1,(anonymous_8)
FNDA:11,(anonymous_9)
FNDA:1,(anonymous_10)
FNDA:1,(anonymous_11)
FNDA:1,(anonymous_12)
FNDA:0,inspect
FNDA:0,(anonymous_14)
FNDA:0,(anonymous_15)
FNDA:0,formatValue
FNDA:0,(anonymous_17)
FNDA:0,formatPrimitive
FNDA:0,formatError
FNDA:0,formatArray
FNDA:0,(anonymous_21)
FNDA:0,formatProperty
FNDA:0,(anonymous_23)
FNDA:0,(anonymous_24)
FNDA:0,reduceToSingleString
FNDA:0,(anonymous_26)
FNDA:0,isArray
FNDA:0,isRegExp
FNDA:0,isDate
FNDA:0,isError
FNDA:0,objectToString
FNDA:1,(anonymous_32)
FNDA:0,exclude
FNDA:0,excludeProps
FNDA:0,(anonymous_35)
FNDA:0,extendExclude
FNDA:0,AssertionError
FNDA:0,(anonymous_38)
FNDA:1,(anonymous_39)
FNDA:0,(anonymous_40)
FNDA:1,(anonymous_41)
FNDA:0,(anonymous_42)
FNDA:1,(anonymous_43)
FNDA:0,(anonymous_44)
FNDA:1,(anonymous_45)
FNDA:0,(anonymous_46)
FNDA:1,(anonymous_47)
FNDA:0,getPathInfo
FNDA:0,parsePath
FNDA:0,(anonymous_50)
FNDA:0,_getPathValue
FNDA:1,(anonymous_52)
FNDA:0,hasProperty
FNDA:1,(anonymous_54)
FNDA:1,add
FNDA:1,(anonymous_56)
FNDA:1,(anonymous_57)
FNDA:1,webpackContext
FNDA:1,webpackContextResolve
FNDA:1,webpackContextKeys
FNDA:1,(anonymous_61)
FNDA:1,(anonymous_62)
FNDA:1,(anonymous_63)
FNDA:1,(anonymous_64)
FNDA:1,(anonymous_65)
FNDA:5,(anonymous_66)
FNDA:1,(anonymous_67)
FNDA:1,(anonymous_68)
FNDA:1,(anonymous_69)
FNDA:1,(anonymous_70)
FNDA:0,getType
FNDA:0,Library
FNDA:0,(anonymous_73)
FNDA:0,(anonymous_74)
FNDA:1,(anonymous_75)
FNDA:0,(anonymous_76)
FNDA:0,(anonymous_77)
FNDA:0,(anonymous_78)
FNDA:0,(anonymous_79)
FNDA:1,(anonymous_80)
FNDA:0,(anonymous_81)
FNDA:0,(anonymous_82)
FNDA:0,(anonymous_83)
FNDA:0,(anonymous_84)
FNDA:1,(anonymous_85)
FNDA:0,getProperties
FNDA:0,addProperty
FNDA:1,(anonymous_88)
FNDA:0,getEnumerableProperties
FNDA:1,(anonymous_90)
FNDA:1,(anonymous_91)
FNDA:0,(anonymous_92)
FNDA:0,deepEqual
FNDA:0,sameValue
FNDA:0,typeEqual
FNDA:0,dateEqual
FNDA:0,regexpEqual
FNDA:0,argumentsEqual
FNDA:0,enumerable
FNDA:0,iterableEqual
FNDA:0,bufferEqual
FNDA:0,isValue
FNDA:0,objectEqual
FNDA:1,(anonymous_104)
FNDA:1,(anonymous_105)
FNDA:0,getType
FNDA:0,Library
FNDA:0,(anonymous_108)
FNDA:0,(anonymous_109)
FNDA:1,(anonymous_110)
FNDA:1,(anonymous_111)
FNDA:1,typedArraySupport
FNDA:1,(anonymous_113)
FNDA:1,kMaxLength
FNDA:0,createBuffer
FNDA:0,Buffer
FNDA:0,(anonymous_117)
FNDA:0,from
FNDA:0,(anonymous_119)
FNDA:0,assertSize
FNDA:0,alloc
FNDA:0,(anonymous_122)
FNDA:0,allocUnsafe
FNDA:0,(anonymous_124)
FNDA:0,(anonymous_125)
FNDA:0,fromString
FNDA:0,fromArrayLike
FNDA:0,fromArrayBuffer
FNDA:0,fromObject
FNDA:0,checked
FNDA:0,SlowBuffer
FNDA:0,isBuffer
FNDA:0,compare
FNDA:0,isEncoding
FNDA:0,concat
FNDA:0,byteLength
FNDA:0,slowToString
FNDA:0,swap
FNDA:0,swap16
FNDA:0,swap32
FNDA:0,swap64
FNDA:0,toString
FNDA:0,equals
FNDA:0,inspect
FNDA:0,compare
FNDA:0,bidirectionalIndexOf
FNDA:0,arrayIndexOf
FNDA:0,read
FNDA:0,includes
FNDA:0,indexOf
FNDA:0,lastIndexOf
FNDA:0,hexWrite
FNDA:0,utf8Write
FNDA:0,asciiWrite
FNDA:0,latin1Write
FNDA:0,base64Write
FNDA:0,ucs2Write
FNDA:0,write
FNDA:0,toJSON
FNDA:0,base64Slice
FNDA:0,utf8Slice
FNDA:0,decodeCodePointsArray
FNDA:0,asciiSlice
FNDA:0,latin1Slice
FNDA:0,hexSlice
FNDA:0,utf16leSlice
FNDA:0,slice
FNDA:0,checkOffset
FNDA:0,readUIntLE
FNDA:0,readUIntBE
FNDA:0,readUInt8
FNDA:0,readUInt16LE
FNDA:0,readUInt16BE
FNDA:0,readUInt32LE
FNDA:0,readUInt32BE
FNDA:0,readIntLE
FNDA:0,readIntBE
FNDA:0,readInt8
FNDA:0,readInt16LE
FNDA:0,readInt16BE
FNDA:0,readInt32LE
FNDA:0,readInt32BE
FNDA:0,readFloatLE
FNDA:0,readFloatBE
FNDA:0,readDoubleLE
FNDA:0,readDoubleBE
FNDA:0,checkInt
FNDA:0,writeUIntLE
FNDA:0,writeUIntBE
FNDA:0,writeUInt8
FNDA:0,objectWriteUInt16
FNDA:0,writeUInt16LE
FNDA:0,writeUInt16BE
FNDA:0,objectWriteUInt32
FNDA:0,writeUInt32LE
FNDA:0,writeUInt32BE
FNDA:0,writeIntLE
FNDA:0,writeIntBE
FNDA:0,writeInt8
FNDA:0,writeInt16LE
FNDA:0,writeInt16BE
FNDA:0,writeInt32LE
FNDA:0,writeInt32BE
FNDA:0,checkIEEE754
FNDA:0,writeFloat
FNDA:0,writeFloatLE
FNDA:0,writeFloatBE
FNDA:0,writeDouble
FNDA:0,writeDoubleLE
FNDA:0,writeDoubleBE
FNDA:0,copy
FNDA:0,fill
FNDA:0,base64clean
FNDA:0,stringtrim
FNDA:0,toHex
FNDA:0,utf8ToBytes
FNDA:0,asciiToBytes
FNDA:0,utf16leToBytes
FNDA:0,base64ToBytes
FNDA:0,blitBuffer
FNDA:0,isnan
FNDA:1,(anonymous_222)
FNDA:1,(anonymous_223)
FNDA:1,(anonymous_224)
FNDA:0,placeHoldersCount
FNDA:0,byteLength
FNDA:0,toByteArray
FNDA:0,tripletToBase64
FNDA:0,encodeChunk
FNDA:0,fromByteArray
FNDA:1,(anonymous_231)
FNDA:0,(anonymous_232)
FNDA:0,(anonymous_233)
FNDA:1,(anonymous_234)
FNDA:0,(anonymous_235)
FNDA:1,(anonymous_236)
FNDA:0,(anonymous_237)
FNDA:1,(anonymous_238)
FNDA:31,(anonymous_239)
FNDA:1,addProperty
FNDA:1,(anonymous_241)
FNDA:40,(anonymous_242)
FNDA:1,(anonymous_243)
FNDA:1,(anonymous_244)
FNDA:0,(anonymous_245)
FNDA:0,(anonymous_246)
FNDA:0,(anonymous_247)
FNDA:1,(anonymous_248)
FNDA:0,(anonymous_249)
FNDA:0,(anonymous_250)
FNDA:0,(anonymous_251)
FNDA:1,(anonymous_252)
FNDA:13,(anonymous_253)
FNDA:0,(anonymous_254)
FNDA:0,(anonymous_255)
FNDA:0,assert
FNDA:0,(anonymous_257)
FNDA:1,(anonymous_258)
FNDA:0,(anonymous_259)
FNDA:0,(anonymous_260)
FNDA:0,(anonymous_261)
FNDA:1,(anonymous_262)
FNDA:1,(anonymous_263)
FNDA:1,Assertion
FNDA:0,(anonymous_265)
FNDA:0,(anonymous_266)
FNDA:0,(anonymous_267)
FNDA:0,(anonymous_268)
FNDA:31,(anonymous_269)
FNDA:40,(anonymous_270)
FNDA:13,(anonymous_271)
FNDA:0,(anonymous_272)
FNDA:0,(anonymous_273)
FNDA:0,(anonymous_274)
FNDA:1,(anonymous_275)
FNDA:1,(anonymous_276)
FNDA:0,(anonymous_277)
FNDA:1,(anonymous_278)
FNDA:1,(anonymous_279)
FNDA:13,(anonymous_280)
FNDA:1,(anonymous_281)
FNDA:0,(anonymous_282)
FNDA:0,(anonymous_283)
FNDA:0,(anonymous_284)
FNDA:0,(anonymous_285)
FNDA:0,an
FNDA:0,includeChainingBehavior
FNDA:0,include
FNDA:0,(anonymous_289)
FNDA:0,(anonymous_290)
FNDA:0,(anonymous_291)
FNDA:0,(anonymous_292)
FNDA:0,(anonymous_293)
FNDA:0,(anonymous_294)
FNDA:0,(anonymous_295)
FNDA:0,(anonymous_296)
FNDA:0,checkArguments
FNDA:1,assertEqual
FNDA:0,assertEql
FNDA:0,assertAbove
FNDA:0,assertLeast
FNDA:0,assertBelow
FNDA:0,assertMost
FNDA:0,(anonymous_304)
FNDA:0,assertInstanceOf
FNDA:0,(anonymous_306)
FNDA:0,assertOwnProperty
FNDA:0,assertOwnPropertyDescriptor
FNDA:0,assertLengthChain
FNDA:0,assertLength
FNDA:0,assertMatch
FNDA:0,(anonymous_312)
FNDA:0,assertKeys
FNDA:0,(anonymous_314)
FNDA:0,(anonymous_315)
FNDA:0,(anonymous_316)
FNDA:0,assertThrows
FNDA:0,respondTo
FNDA:0,(anonymous_319)
FNDA:0,satisfy
FNDA:0,closeTo
FNDA:0,isSubsetOf
FNDA:0,(anonymous_323)
FNDA:0,(anonymous_324)
FNDA:0,(anonymous_325)
FNDA:0,oneOf
FNDA:0,assertChanges
FNDA:0,assertIncreases
FNDA:0,assertDecreases
FNDA:0,(anonymous_330)
FNDA:0,(anonymous_331)
FNDA:0,(anonymous_332)
FNDA:1,(anonymous_333)
FNDA:1,(anonymous_334)
FNDA:1,(anonymous_335)
FNDA:0,(anonymous_336)
FNDA:1,(anonymous_337)
FNDA:1,(anonymous_338)
FNDA:0,loadShould
FNDA:0,shouldGetter
FNDA:0,shouldSetter
FNDA:0,(anonymous_342)
FNDA:0,(anonymous_343)
FNDA:0,(anonymous_344)
FNDA:0,(anonymous_345)
FNDA:0,(anonymous_346)
FNDA:0,(anonymous_347)
FNDA:0,(anonymous_348)
FNDA:1,(anonymous_349)
FNDA:1,(anonymous_350)
FNDA:0,(anonymous_351)
FNDA:0,(anonymous_352)
FNDA:0,(anonymous_353)
FNDA:0,(anonymous_354)
FNDA:0,(anonymous_355)
FNDA:0,(anonymous_356)
FNDA:0,(anonymous_357)
FNDA:0,(anonymous_358)
FNDA:0,(anonymous_359)
FNDA:0,(anonymous_360)
FNDA:0,(anonymous_361)
FNDA:0,(anonymous_362)
FNDA:0,(anonymous_363)
FNDA:0,(anonymous_364)
FNDA:0,(anonymous_365)
FNDA:0,(anonymous_366)
FNDA:0,(anonymous_367)
FNDA:0,(anonymous_368)
FNDA:0,(anonymous_369)
FNDA:0,(anonymous_370)
FNDA:0,(anonymous_371)
FNDA:0,(anonymous_372)
FNDA:0,(anonymous_373)
FNDA:0,(anonymous_374)
FNDA:0,(anonymous_375)
FNDA:0,(anonymous_376)
FNDA:0,(anonymous_377)
FNDA:0,(anonymous_378)
FNDA:0,(anonymous_379)
FNDA:0,(anonymous_380)
FNDA:0,(anonymous_381)
FNDA:0,(anonymous_382)
FNDA:0,(anonymous_383)
FNDA:0,(anonymous_384)
FNDA:0,(anonymous_385)
FNDA:0,(anonymous_386)
FNDA:0,(anonymous_387)
FNDA:0,(anonymous_388)
FNDA:0,(anonymous_389)
FNDA:0,(anonymous_390)
FNDA:0,(anonymous_391)
FNDA:0,(anonymous_392)
FNDA:0,(anonymous_393)
FNDA:0,(anonymous_394)
FNDA:0,(anonymous_395)
FNDA:0,(anonymous_396)
FNDA:0,(anonymous_397)
FNDA:0,(anonymous_398)
FNDA:0,(anonymous_399)
FNDA:0,(anonymous_400)
FNDA:0,(anonymous_401)
FNDA:0,(anonymous_402)
FNDA:0,(anonymous_403)
FNDA:0,(anonymous_404)
FNDA:0,(anonymous_405)
FNDA:0,(anonymous_406)
FNDA:0,(anonymous_407)
FNDA:0,(anonymous_408)
FNDA:0,(anonymous_409)
FNDA:0,(anonymous_410)
FNDA:0,(anonymous_411)
FNDA:0,(anonymous_412)
FNDA:0,(anonymous_413)
FNDA:0,(anonymous_414)
FNDA:0,(anonymous_415)
FNDA:0,(anonymous_416)
FNDA:0,(anonymous_417)
FNDA:0,(anonymous_418)
FNDA:0,(anonymous_419)
FNDA:0,(anonymous_420)
FNDA:0,(anonymous_421)
FNDA:0,(anonymous_422)
FNDA:0,(anonymous_423)
FNDA:0,(anonymous_424)
FNDA:0,(anonymous_425)
FNDA:0,(anonymous_426)
FNDA:10,alias
FNDA:1,(anonymous_428)
FNDA:1,webpackContext
FNDA:1,webpackContextResolve
FNDA:1,webpackContextKeys
DA:1,1
DA:3,1
DA:6,2
DA:9,69
DA:10,23
DA:13,46
DA:20,46
DA:23,46
DA:26,46
DA:31,1
DA:34,1
DA:37,1
DA:38,0
DA:39,0
DA:48,1
DA:49,0
DA:50,0
DA:51,0
DA:52,0
DA:53,0
DA:57,1
DA:60,1
DA:63,1
DA:95,1
DA:96,11
DA:97,11
DA:98,5
DA:100,6
DA:109,1
DA:170,1
DA:180,1
DA:181,1
DA:182,1
DA:184,1
DA:199,2
DA:200,0
DA:203,0
DA:205,0
DA:209,1
DA:210,0
DA:211,0
DA:213,0
DA:220,2
DA:223,0
DA:228,0
DA:229,0
DA:230,0
DA:232,0
DA:236,0
DA:237,0
DA:238,0
DA:242,0
DA:243,0
DA:244,0
DA:249,0
DA:250,0
DA:251,0
DA:252,0
DA:257,0
DA:258,0
DA:260,0
DA:261,0
DA:263,0
DA:264,0
DA:275,0
DA:276,0
DA:281,0
DA:285,0
DA:286,0
DA:287,0
DA:288,0
DA:290,0
DA:291,0
DA:293,0
DA:294,0
DA:296,0
DA:297,0
DA:301,0
DA:304,0
DA:305,0
DA:306,0
DA:310,0
DA:311,0
DA:312,0
DA:313,0
DA:317,0
DA:318,0
DA:322,0
DA:323,0
DA:327,0
DA:328,0
DA:331,0
DA:332,0
DA:335,0
DA:336,0
DA:337,0
DA:339,0
DA:343,0
DA:345,0
DA:346,0
DA:347,0
DA:349,0
DA:350,0
DA:354,0
DA:356,0
DA:360,2
DA:361,0
DA:363,0
DA:366,0
DA:369,0
DA:372,0
DA:373,0
DA:375,0
DA:378,0
DA:381,0
DA:382,0
DA:387,2
DA:388,0
DA:392,2
DA:393,0
DA:394,0
DA:395,0
DA:396,0
DA:399,0
DA:402,0
DA:403,0
DA:404,0
DA:408,0
DA:412,2
DA:413,0
DA:414,0
DA:415,0
DA:416,0
DA:417,0
DA:419,0
DA:422,0
DA:423,0
DA:427,0
DA:428,0
DA:430,0
DA:431,0
DA:432,0
DA:433,0
DA:435,0
DA:437,0
DA:438,0
DA:439,0
DA:440,0
DA:443,0
DA:444,0
DA:449,0
DA:452,0
DA:453,0
DA:454,0
DA:456,0
DA:457,0
DA:458,0
DA:459,0
DA:461,0
DA:464,0
DA:468,0
DA:472,2
DA:473,0
DA:474,0
DA:475,0
DA:476,0
DA:477,0
DA:480,0
DA:481,0
DA:489,0
DA:492,2
DA:493,0
DA:497,2
DA:498,0
DA:501,2
DA:502,0
DA:505,2
DA:506,0
DA:509,2
DA:510,0
DA:533,2
DA:534,0
DA:536,2
DA:537,0
DA:538,0
DA:542,0
DA:543,0
DA:547,0
DA:548,0
DA:551,0
DA:559,1
DA:572,2
DA:573,0
DA:577,0
DA:578,0
DA:581,0
DA:582,0
DA:586,0
DA:587,0
DA:588,0
DA:590,0
DA:591,0
DA:593,0
DA:602,1
DA:608,1
DA:614,1
DA:623,1
DA:624,0
DA:628,0
DA:629,0
DA:632,0
DA:657,1
DA:658,0
DA:682,1
DA:683,0
DA:685,0
DA:686,0
DA:704,1
DA:705,1
DA:720,1
DA:721,0
DA:724,0
DA:725,0
DA:726,0
DA:729,0
DA:730,0
DA:731,0
DA:732,0
DA:736,0
DA:738,0
DA:741,0
DA:779,1
DA:780,0
DA:782,0
DA:783,0
DA:786,0
DA:788,0
DA:789,0
DA:791,0
DA:807,1
DA:831,1
DA:832,0
DA:835,0
DA:840,0
DA:842,0
DA:865,2
DA:866,0
DA:868,0
DA:869,0
DA:871,0
DA:872,0
DA:892,2
DA:893,0
DA:896,0
DA:898,0
DA:899,0
DA:900,0
DA:901,0
DA:902,0
DA:903,0
DA:904,0
DA:905,0
DA:907,0
DA:910,0
DA:924,1
DA:963,1
DA:968,1
DA:969,0
DA:972,0
DA:973,0
DA:977,0
DA:978,0
DA:980,0
DA:991,2
DA:992,1
DA:995,1
DA:1005,1
DA:1006,1
DA:1011,1
DA:1012,1
DA:1018,1
DA:1021,2
DA:1022,1
DA:1024,2
DA:1025,1
DA:1026,1
DA:1027,0
DA:1028,1
DA:1030,1
DA:1031,1
DA:1033,1
DA:1034,1
DA:1035,1
DA:1044,1
DA:1046,1
DA:1049,1
DA:1050,1
DA:1051,1
DA:1052,1
DA:1060,1
DA:1073,1
DA:1080,1
DA:1086,1
DA:1092,1
DA:1104,1
DA:1105,5
DA:1106,5
DA:1107,5
DA:1110,5
DA:1117,1
DA:1123,1
DA:1124,1
DA:1130,1
DA:1131,1
DA:1137,1
DA:1138,1
DA:1144,1
DA:1145,1
DA:1151,1
DA:1152,1
DA:1158,1
DA:1159,1
DA:1176,1
DA:1182,1
DA:1188,1
DA:1193,1
DA:1199,1
DA:1205,1
DA:1211,1
DA:1217,1
DA:1223,1
DA:1229,1
DA:1235,1
DA:1241,1
DA:1247,1
DA:1253,1
DA:1259,1
DA:1265,1
DA:1271,1
DA:1277,1
DA:1283,1
DA:1289,1
DA:1295,1
DA:1312,1
DA:1325,1
DA:1326,1
DA:1328,1
DA:1346,1
DA:1359,1
DA:1361,2
DA:1362,0
DA:1364,0
DA:1366,0
DA:1368,0
DA:1369,0
DA:1372,1
DA:1385,2
DA:1386,0
DA:1387,0
DA:1405,1
DA:1434,1
DA:1435,0
DA:1436,0
DA:1437,0
DA:1458,1
DA:1459,0
DA:1460,0
DA:1462,0
DA:1463,0
DA:1464,0
DA:1465,0
DA:1467,0
DA:1496,1
DA:1497,1
DA:1498,1
DA:1500,1
DA:1501,0
DA:1502,0
DA:1503,0
DA:1506,0
DA:1507,0
DA:1508,0
DA:1509,0
DA:1512,0
DA:1513,0
DA:1534,1
DA:1558,1
DA:1559,0
DA:1566,0
DA:1567,0
DA:1568,0
DA:1569,0
DA:1570,0
DA:1571,0
DA:1573,0
DA:1600,1
DA:1601,0
DA:1603,2
DA:1604,0
DA:1605,0
DA:1609,0
DA:1610,0
DA:1611,0
DA:1612,0
DA:1615,0
DA:1642,1
DA:1643,0
DA:1644,0
DA:1645,0
DA:1647,0
DA:1655,1
DA:1672,1
DA:1678,1
DA:1679,1
DA:1681,0
DA:1682,0
DA:1689,1
DA:1701,2
DA:1702,0
DA:1703,0
DA:1704,0
DA:1705,0
DA:1706,0
DA:1707,0
DA:1708,0
DA:1709,0
DA:1710,0
DA:1711,0
DA:1712,0
DA:1713,0
DA:1714,0
DA:1716,0
DA:1718,0
DA:1731,2
DA:1732,0
DA:1733,0
DA:1747,2
DA:1748,0
DA:1760,2
DA:1761,0
DA:1762,0
DA:1774,2
DA:1775,0
DA:1776,0
DA:1790,2
DA:1791,0
DA:1792,0
DA:1793,0
DA:1794,0
DA:1804,2
DA:1805,0
DA:1806,0
DA:1807,0
DA:1819,2
DA:1820,0
DA:1822,0
DA:1823,0
DA:1825,0
DA:1826,0
DA:1827,0
DA:1828,0
DA:1832,0
DA:1844,2
DA:1845,0
DA:1846,0
DA:1857,2
DA:1858,0
DA:1872,2
DA:1873,0
DA:1874,0
DA:1877,0
DA:1878,0
DA:1881,0
DA:1882,0
DA:1883,0
DA:1884,0
DA:1886,0
DA:1890,0
DA:1893,0
DA:1894,0
DA:1895,0
DA:1897,0
DA:1900,0
DA:1901,0
DA:1903,0
DA:1904,0
DA:1907,0
DA:1909,0
DA:1910,0
DA:1911,0
DA:1912,0
DA:1913,0
DA:1917,0
DA:1925,1
DA:1942,1
DA:1948,1
DA:1968,2
DA:1969,0
DA:1970,0
DA:1971,0
DA:1972,0
DA:1973,0
DA:1974,0
DA:1977,1
DA:1990,2
DA:1991,0
DA:2009,1
DA:2038,1
DA:2039,0
DA:2040,0
DA:2041,0
DA:2062,1
DA:2063,0
DA:2064,0
DA:2066,0
DA:2067,0
DA:2068,0
DA:2069,0
DA:2071,0
DA:2081,1
DA:2091,1
DA:2092,1
DA:2093,1
DA:2095,1
DA:2096,1
DA:2097,1
DA:2123,1
DA:2130,1
DA:2132,2
DA:2133,1
DA:2134,1
DA:2135,1
DA:2136,1
DA:2140,0
DA:2144,2
DA:2145,1
DA:2150,2
DA:2151,0
DA:2152,0
DA:2154,0
DA:2156,0
DA:2157,0
DA:2160,0
DA:2161,0
DA:2163,0
DA:2166,0
DA:2179,2
DA:2180,0
DA:2181,0
DA:2185,0
DA:2186,0
DA:2187,0
DA:2191,0
DA:2193,0
DA:2196,1
DA:2199,1
DA:2200,0
DA:2201,0
DA:2204,2
DA:2205,0
DA:2206,0
DA:2209,0
DA:2210,0
DA:2213,0
DA:2214,0
DA:2217,0
DA:2228,1
DA:2229,0
DA:2232,1
DA:2233,1
DA:2234,1
DA:2235,1
DA:2238,0
DA:2245,2
DA:2246,0
DA:2247,0
DA:2248,0
DA:2249,0
DA:2253,2
DA:2254,0
DA:2255,0
DA:2256,0
DA:2258,0
DA:2262,0
DA:2266,0
DA:2273,1
DA:2274,0
DA:2277,2
DA:2278,0
DA:2279,0
DA:2280,0
DA:2281,0
DA:2282,0
DA:2285,0
DA:2291,1
DA:2292,0
DA:2297,1
DA:2298,0
DA:2301,2
DA:2302,0
DA:2303,0
DA:2306,0
DA:2307,0
DA:2310,0
DA:2311,0
DA:2313,0
DA:2315,0
DA:2319,0
DA:2322,0
DA:2325,2
DA:2326,0
DA:2327,0
DA:2328,0
DA:2329,0
DA:2331,0
DA:2334,2
DA:2335,0
DA:2337,0
DA:2338,0
DA:2341,0
DA:2342,0
DA:2345,0
DA:2346,0
DA:2347,0
DA:2348,0
DA:2350,0
DA:2353,0
DA:2355,0
DA:2356,0
DA:2359,0
DA:2361,0
DA:2364,2
DA:2365,0
DA:2366,0
DA:2367,0
DA:2369,0
DA:2370,0
DA:2373,0
DA:2374,0
DA:2377,0
DA:2378,0
DA:2380,0
DA:2381,0
DA:2383,0
DA:2386,0
DA:2387,0
DA:2391,0
DA:2394,2
DA:2397,0
DA:2398,0
DA:2401,0
DA:2404,2
DA:2405,0
DA:2406,0
DA:2408,0
DA:2411,1
DA:2412,0
DA:2415,1
DA:2416,0
DA:2417,0
DA:2420,0
DA:2422,0
DA:2423,0
DA:2425,0
DA:2426,0
DA:2427,0
DA:2428,0
DA:2429,0
DA:2433,0
DA:2434,0
DA:2435,0
DA:2438,1
DA:2439,0
DA:2451,0
DA:2453,0
DA:2457,1
DA:2458,0
DA:2459,0
DA:2462,0
DA:2463,0
DA:2466,0
DA:2467,0
DA:2468,0
DA:2469,0
DA:2470,0
DA:2474,0
DA:2475,0
DA:2476,0
DA:2477,0
DA:2478,0
DA:2479,0
DA:2481,0
DA:2482,0
DA:2484,0
DA:2487,2
DA:2488,0
DA:2489,0
DA:2491,0
DA:2493,0
DA:2495,0
DA:2496,0
DA:2499,0
DA:2500,0
DA:2503,0
DA:2504,0
DA:2505,0
DA:2509,0
DA:2513,0
DA:2518,0
DA:2520,0
DA:2522,0
DA:2524,0
DA:2525,0
DA:2526,0
DA:2530,1
DA:2532,2
DA:2533,0
DA:2542,0
DA:2543,0
DA:2547,0
DA:2548,0
DA:2551,0
DA:2552,0
DA:2555,0
DA:2556,0
DA:2560,0
DA:2561,0
DA:2563,0
DA:2564,0
DA:2567,0
DA:2569,0
DA:2570,0
DA:2572,0
DA:2576,0
DA:2579,0
DA:2583,0
DA:2586,0
DA:2592,0
DA:2595,0
DA:2596,0
DA:2597,0
DA:2604,1
DA:2606,2
DA:2607,0
DA:2608,0
DA:2609,0
DA:2612,1
DA:2613,0
DA:2614,0
DA:2615,0
DA:2617,0
DA:2618,0
DA:2620,0
DA:2623,1
DA:2624,0
DA:2625,0
DA:2626,0
DA:2628,0
DA:2629,0
DA:2630,0
DA:2632,0
DA:2635,1
DA:2636,0
DA:2637,0
DA:2638,0
DA:2640,0
DA:2641,0
DA:2642,0
DA:2643,0
DA:2644,0
DA:2646,0
DA:2649,1
DA:2650,0
DA:2651,0
DA:2652,0
DA:2653,0
DA:2656,1
DA:2657,0
DA:2658,0
DA:2659,0
DA:2662,1
DA:2663,0
DA:2664,0
DA:2665,0
DA:2666,0
DA:2667,0
DA:2669,0
DA:2672,1
DA:2673,0
DA:2674,0
DA:2677,0
DA:2678,0
DA:2680,0
DA:2681,0
DA:2683,0
DA:2684,0
DA:2686,0
DA:2687,0
DA:2690,0
DA:2691,0
DA:2694,0
DA:2695,0
DA:2697,0
DA:2698,0
DA:2700,0
DA:2701,0
DA:2704,0
DA:2705,0
DA:2706,0
DA:2707,0
DA:2709,0
DA:2711,0
DA:2712,0
DA:2713,0
DA:2715,0
DA:2716,0
DA:2718,0
DA:2719,0
DA:2720,0
DA:2721,0
DA:2722,0
DA:2726,0
DA:2727,0
DA:2728,0
DA:2740,2
DA:2742,0
DA:2745,0
DA:2746,0
DA:2747,0
DA:2748,0
DA:2749,0
DA:2750,0
DA:2751,0
DA:2753,0
DA:2754,0
DA:2756,0
DA:2760,0
DA:2761,0
DA:2762,0
DA:2763,0
DA:2764,0
DA:2765,0
DA:2766,0
DA:2770,0
DA:2771,0
DA:2775,0
DA:2777,0
DA:2778,0
DA:2780,0
DA:2781,0
DA:2782,0
DA:2783,0
DA:2785,0
DA:2786,0
DA:2788,0
DA:2791,0
DA:2794,0
DA:2797,2
DA:2798,0
DA:2799,0
DA:2800,0
DA:2802,0
DA:2803,0
DA:2804,0
DA:2806,0
DA:2807,0
DA:2809,0
DA:2810,0
DA:2811,0
DA:2812,0
DA:2816,2
DA:2817,0
DA:2818,0
DA:2820,0
DA:2824,0
DA:2825,0
DA:2826,0
DA:2827,0
DA:2828,0
DA:2829,0
DA:2830,0
DA:2832,0
DA:2833,0
DA:2837,0
DA:2838,0
DA:2839,0
DA:2840,0
DA:2841,0
DA:2842,0
DA:2843,0
DA:2846,0
DA:2850,0
DA:2853,1
DA:2854,0
DA:2857,1
DA:2858,0
DA:2861,1
DA:2862,0
DA:2865,2
DA:2866,0
DA:2867,0
DA:2868,0
DA:2869,0
DA:2871,0
DA:2872,0
DA:2873,0
DA:2878,0
DA:2879,0
DA:2881,0
DA:2882,0
DA:2884,0
DA:2885,0
DA:2886,0
DA:2887,0
DA:2889,0
DA:2892,2
DA:2893,0
DA:2896,2
DA:2897,0
DA:2900,2
DA:2901,0
DA:2904,2
DA:2905,0
DA:2908,2
DA:2909,0
DA:2912,1
DA:2914,0
DA:2915,0
DA:2916,0
DA:2917,0
DA:2919,0
DA:2920,0
DA:2921,0
DA:2922,0
DA:2924,0
DA:2925,0
DA:2926,0
DA:2927,0
DA:2928,0
DA:2930,0
DA:2931,0
DA:2935,0
DA:2940,0
DA:2941,0
DA:2943,0
DA:2944,0
DA:2947,0
DA:2949,0
DA:2950,0
DA:2951,0
DA:2953,0
DA:2957,0
DA:2960,0
DA:2964,0
DA:2968,0
DA:2974,0
DA:2977,0
DA:2978,0
DA:2979,0
DA:2984,1
DA:2985,0
DA:2991,2
DA:2992,0
DA:2993,0
DA:2995,0
DA:2999,2
DA:3000,0
DA:3001,0
DA:3003,0
DA:3004,0
DA:3005,0
DA:3006,0
DA:3007,0
DA:3012,0
DA:3013,0
DA:3015,0
DA:3017,0
DA:3018,0
DA:3020,0
DA:3022,0
DA:3023,0
DA:3024,0
DA:3025,0
DA:3026,0
DA:3029,0
DA:3031,0
DA:3032,0
DA:3033,0
DA:3034,0
DA:3035,0
DA:3036,0
DA:3039,0
DA:3041,0
DA:3042,0
DA:3043,0
DA:3044,0
DA:3045,0
DA:3046,0
DA:3047,0
DA:3053,0
DA:3056,0
DA:3057,0
DA:3058,0
DA:3060,0
DA:3061,0
DA:3062,0
DA:3065,0
DA:3066,0
DA:3069,0
DA:3075,1
DA:3077,2
DA:3078,0
DA:3079,0
DA:3080,0
DA:3084,0
DA:3085,0
DA:3086,0
DA:3087,0
DA:3092,0
DA:3095,2
DA:3096,0
DA:3097,0
DA:3099,0
DA:3100,0
DA:3102,0
DA:3105,2
DA:3106,0
DA:3107,0
DA:3109,0
DA:3110,0
DA:3112,0
DA:3115,2
DA:3116,0
DA:3118,0
DA:3119,0
DA:3121,0
DA:3122,0
DA:3123,0
DA:3125,0
DA:3128,2
DA:3129,0
DA:3130,0
DA:3131,0
DA:3132,0
DA:3134,0
DA:3137,1
DA:3138,0
DA:3139,0
DA:3140,0
DA:3142,0
DA:3143,0
DA:3144,0
DA:3145,0
DA:3146,0
DA:3149,0
DA:3150,0
DA:3151,0
DA:3152,0
DA:3153,0
DA:3156,0
DA:3158,0
DA:3159,0
DA:3160,0
DA:3161,0
DA:3163,0
DA:3164,0
DA:3165,0
DA:3166,0
DA:3170,0
DA:3176,2
DA:3177,0
DA:3178,0
DA:3181,1
DA:3182,0
DA:3183,0
DA:3184,0
DA:3186,0
DA:3187,0
DA:3188,0
DA:3189,0
DA:3190,0
DA:3193,0
DA:3196,1
DA:3197,0
DA:3198,0
DA:3199,0
DA:3200,0
DA:3203,0
DA:3204,0
DA:3205,0
DA:3206,0
DA:3209,0
DA:3212,1
DA:3213,0
DA:3214,0
DA:3217,1
DA:3218,0
DA:3219,0
DA:3222,1
DA:3223,0
DA:3224,0
DA:3227,1
DA:3228,0
DA:3230,0
DA:3236,1
DA:3237,0
DA:3239,0
DA:3245,1
DA:3246,0
DA:3247,0
DA:3248,0
DA:3250,0
DA:3251,0
DA:3252,0
DA:3253,0
DA:3254,0
DA:3256,0
DA:3258,0
DA:3260,0
DA:3263,1
DA:3264,0
DA:3265,0
DA:3266,0
DA:3268,0
DA:3269,0
DA:3270,0
DA:3271,0
DA:3272,0
DA:3274,0
DA:3276,0
DA:3278,0
DA:3281,1
DA:3282,0
DA:3283,0
DA:3284,0
DA:3287,1
DA:3288,0
DA:3289,0
DA:3290,0
DA:3293,1
DA:3294,0
DA:3295,0
DA:3296,0
DA:3299,1
DA:3300,0
DA:3302,0
DA:3308,1
DA:3309,0
DA:3311,0
DA:3317,1
DA:3318,0
DA:3319,0
DA:3322,1
DA:3323,0
DA:3324,0
DA:3327,1
DA:3328,0
DA:3329,0
DA:3332,1
DA:3333,0
DA:3334,0
DA:3337,2
DA:3338,0
DA:3339,0
DA:3340,0
DA:3343,1
DA:3344,0
DA:3345,0
DA:3346,0
DA:3347,0
DA:3348,0
DA:3349,0
DA:3352,0
DA:3353,0
DA:3354,0
DA:3355,0
DA:3356,0
DA:3359,0
DA:3362,1
DA:3363,0
DA:3364,0
DA:3365,0
DA:3366,0
DA:3367,0
DA:3368,0
DA:3371,0
DA:3372,0
DA:3373,0
DA:3374,0
DA:3375,0
DA:3378,0
DA:3381,1
DA:3382,0
DA:3383,0
DA:3384,0
DA:3385,0
DA:3386,0
DA:3387,0
DA:3390,2
DA:3391,0
DA:3392,0
DA:3393,0
DA:3398,1
DA:3399,0
DA:3400,0
DA:3401,0
DA:3402,0
DA:3403,0
DA:3404,0
DA:3406,0
DA:3408,0
DA:3411,1
DA:3412,0
DA:3413,0
DA:3414,0
DA:3415,0
DA:3416,0
DA:3417,0
DA:3419,0
DA:3421,0
DA:3424,2
DA:3425,0
DA:3426,0
DA:3427,0
DA:3431,1
DA:3432,0
DA:3433,0
DA:3434,0
DA:3435,0
DA:3436,0
DA:3437,0
DA:3438,0
DA:3439,0
DA:3441,0
DA:3443,0
DA:3446,1
DA:3447,0
DA:3448,0
DA:3449,0
DA:3450,0
DA:3451,0
DA:3452,0
DA:3453,0
DA:3454,0
DA:3456,0
DA:3458,0
DA:3461,1
DA:3462,0
DA:3463,0
DA:3464,0
DA:3465,0
DA:3467,0
DA:3470,0
DA:3471,0
DA:3472,0
DA:3473,0
DA:3474,0
DA:3475,0
DA:3476,0
DA:3478,0
DA:3481,0
DA:3484,1
DA:3485,0
DA:3486,0
DA:3487,0
DA:3488,0
DA:3490,0
DA:3493,0
DA:3494,0
DA:3495,0
DA:3496,0
DA:3497,0
DA:3498,0
DA:3499,0
DA:3501,0
DA:3504,0
DA:3507,1
DA:3508,0
DA:3509,0
DA:3510,0
DA:3511,0
DA:3512,0
DA:3513,0
DA:3514,0
DA:3517,1
DA:3518,0
DA:3519,0
DA:3520,0
DA:3521,0
DA:3522,0
DA:3523,0
DA:3525,0
DA:3527,0
DA:3530,1
DA:3531,0
DA:3532,0
DA:3533,0
DA:3534,0
DA:3535,0
DA:3536,0
DA:3538,0
DA:3540,0
DA:3543,1
DA:3544,0
DA:3545,0
DA:3546,0
DA:3547,0
DA:3548,0
DA:3549,0
DA:3550,0
DA:3551,0
DA:3553,0
DA:3555,0
DA:3558,1
DA:3559,0
DA:3560,0
DA:3561,0
DA:3562,0
DA:3563,0
DA:3564,0
DA:3565,0
DA:3566,0
DA:3567,0
DA:3569,0
DA:3571,0
DA:3574,2
DA:3575,0
DA:3576,0
DA:3579,2
DA:3580,0
DA:3581,0
DA:3583,0
DA:3584,0
DA:3587,1
DA:3588,0
DA:3591,1
DA:3592,0
DA:3595,2
DA:3596,0
DA:3597,0
DA:3599,0
DA:3600,0
DA:3603,1
DA:3604,0
DA:3607,1
DA:3608,0
DA:3612,1
DA:3613,0
DA:3614,0
DA:3615,0
DA:3616,0
DA:3617,0
DA:3620,0
DA:3621,0
DA:3624,0
DA:3625,0
DA:3627,0
DA:3628,0
DA:3631,0
DA:3632,0
DA:3633,0
DA:3636,0
DA:3637,0
DA:3639,0
DA:3641,0
DA:3642,0
DA:3644,0
DA:3646,0
DA:3647,0
DA:3650,0
DA:3657,0
DA:3664,1
DA:3666,0
DA:3667,0
DA:3668,0
DA:3669,0
DA:3670,0
DA:3671,0
DA:3672,0
DA:3673,0
DA:3675,0
DA:3676,0
DA:3677,0
DA:3678,0
DA:3681,0
DA:3682,0
DA:3684,0
DA:3685,0
DA:3687,0
DA:3688,0
DA:3692,0
DA:3693,0
DA:3696,0
DA:3697,0
DA:3700,0
DA:3701,0
DA:3703,0
DA:3705,0
DA:3706,0
DA:3707,0
DA:3708,0
DA:3711,0
DA:3714,0
DA:3715,0
DA:3716,0
DA:3720,0
DA:3726,1
DA:3728,2
DA:3730,0
DA:3732,0
DA:3734,0
DA:3735,0
DA:3737,0
DA:3740,2
DA:3741,0
DA:3742,0
DA:3745,2
DA:3746,0
DA:3747,0
DA:3750,2
DA:3751,0
DA:3752,0
DA:3753,0
DA:3754,0
DA:3755,0
DA:3757,0
DA:3758,0
DA:3761,0
DA:3763,0
DA:3765,0
DA:3767,0
DA:3768,0
DA:3769,0
DA:3771,0
DA:3772,0
DA:3776,0
DA:3778,0
DA:3782,0
DA:3783,0
DA:3784,0
DA:3785,0
DA:3789,0
DA:3790,0
DA:3792,0
DA:3795,0
DA:3798,0
DA:3799,0
DA:3800,0
DA:3801,0
DA:3802,0
DA:3803,0
DA:3807,0
DA:3808,0
DA:3809,0
DA:3814,0
DA:3815,0
DA:3816,0
DA:3823,0
DA:3827,0
DA:3830,2
DA:3831,0
DA:3832,0
DA:3834,0
DA:3836,0
DA:3839,2
DA:3840,0
DA:3841,0
DA:3842,0
DA:3843,0
DA:3845,0
DA:3846,0
DA:3847,0
DA:3848,0
DA:3849,0
DA:3852,0
DA:3855,2
DA:3856,0
DA:3859,2
DA:3860,0
DA:3861,0
DA:3862,0
DA:3864,0
DA:3867,2
DA:3868,0
DA:3877,1
DA:3880,1
DA:3881,1
DA:3884,1
DA:3886,1
DA:3889,0
DA:3890,0
DA:3897,1
DA:3907,1
DA:3908,1
DA:3909,1
DA:3911,1
DA:3912,1
DA:3913,1
DA:3915,1
DA:3916,1
DA:3917,64
DA:3918,64
DA:3921,1
DA:3922,1
DA:3924,2
DA:3925,0
DA:3926,0
DA:3927,0
DA:3935,0
DA:3938,2
DA:3940,0
DA:3943,2
DA:3944,0
DA:3945,0
DA:3946,0
DA:3948,0
DA:3951,0
DA:3953,0
DA:3955,0
DA:3956,0
DA:3957,0
DA:3958,0
DA:3959,0
DA:3962,0
DA:3963,0
DA:3964,0
DA:3965,0
DA:3966,0
DA:3967,0
DA:3968,0
DA:3971,0
DA:3974,2
DA:3975,0
DA:3978,2
DA:3979,0
DA:3980,0
DA:3981,0
DA:3982,0
DA:3983,0
DA:3985,0
DA:3988,2
DA:3989,0
DA:3990,0
DA:3991,0
DA:3992,0
DA:3993,0
DA:3994,0
DA:3997,0
DA:3998,0
DA:4002,0
DA:4003,0
DA:4004,0
DA:4005,0
DA:4006,0
DA:4007,0
DA:4008,0
DA:4009,0
DA:4010,0
DA:4011,0
DA:4012,0
DA:4015,0
DA:4017,0
DA:4025,1
DA:4026,0
DA:4027,0
DA:4028,0
DA:4029,0
DA:4030,0
DA:4031,0
DA:4032,0
DA:4033,0
DA:4035,0
DA:4037,0
DA:4038,0
DA:4039,0
DA:4040,0
DA:4042,0
DA:4043,0
DA:4044,0
DA:4045,0
DA:4047,0
DA:4048,0
DA:4049,0
DA:4050,0
DA:4052,0
DA:4053,0
DA:4055,0
DA:4058,1
DA:4059,0
DA:4060,0
DA:4061,0
DA:4062,0
DA:4063,0
DA:4064,0
DA:4065,0
DA:4066,0
DA:4068,0
DA:4070,0
DA:4071,0
DA:4072,0
DA:4074,0
DA:4075,0
DA:4076,0
DA:4077,0
DA:4079,0
DA:4080,0
DA:4082,0
DA:4084,0
DA:4085,0
DA:4086,0
DA:4089,0
DA:4090,0
DA:4091,0
DA:4092,0
DA:4093,0
DA:4094,0
DA:4096,0
DA:4097,0
DA:4101,0
DA:4103,0
DA:4104,0
DA:4105,0
DA:4107,0
DA:4115,1
DA:4117,1
DA:4118,0
DA:4133,1
DA:4165,1
DA:4166,0
DA:4167,0
DA:4181,1
DA:4182,1
DA:4210,1
DA:4211,31
DA:4213,1
DA:4214,1
DA:4215,1
DA:4217,1
DA:4218,1
DA:4235,1
DA:4262,1
DA:4264,1
DA:4265,40
DA:4266,1
DA:4267,1
DA:4268,1
DA:4269,1
DA:4270,1
DA:4319,1
DA:4320,0
DA:4323,0
DA:4324,0
DA:4326,0
DA:4328,0
DA:4329,0
DA:4380,1
DA:4381,0
DA:4382,0
DA:4384,0
DA:4385,0
DA:4387,0
DA:4388,0
DA:4389,0
DA:4408,1
DA:4409,1
DA:4410,1
DA:4417,1
DA:4422,1
DA:4425,1
DA:4457,1
DA:4458,13
DA:4459,8
DA:4462,13
DA:4468,13
DA:4469,1
DA:4471,13
DA:4473,13
DA:4475,0
DA:4477,0
DA:4478,0
DA:4479,0
DA:4480,0
DA:4481,0
DA:4482,0
DA:4486,0
DA:4488,0
DA:4490,0
DA:4491,0
DA:4495,0
DA:4496,0
DA:4497,0
DA:4498,0
DA:4499,0
DA:4504,0
DA:4505,0
DA:4555,1
DA:4556,0
DA:4558,0
DA:4559,0
DA:4560,0
DA:4561,0
DA:4564,0
DA:4565,0
DA:4566,0
DA:4567,0
DA:4583,1
DA:4585,1
DA:4590,1
DA:4597,1
DA:4607,2
DA:4608,1
DA:4609,1
DA:4610,1
DA:4613,1
DA:4615,0
DA:4616,0
DA:4619,0
DA:4620,0
DA:4624,1
DA:4626,0
DA:4627,0
DA:4630,0
DA:4631,0
DA:4635,1
DA:4636,31
DA:4639,1
DA:4640,40
DA:4643,1
DA:4644,13
DA:4647,1
DA:4648,0
DA:4651,1
DA:4652,0
DA:4655,1
DA:4656,0
DA:4674,1
DA:4675,1
DA:4676,1
DA:4677,1
DA:4679,1
DA:4680,0
DA:4682,0
DA:4698,1
DA:4700,1
DA:4703,0
DA:4720,1
DA:4721,1
DA:4754,1
DA:4758,13
DA:4759,1
DA:4778,1
DA:4779,0
DA:4803,1
DA:4804,0
DA:4820,1
DA:4821,0
DA:4822,0
DA:4839,1
DA:4840,0
DA:4841,0
DA:4875,2
DA:4876,0
DA:4877,0
DA:4878,0
DA:4881,0
DA:4888,1
DA:4889,1
DA:4913,2
DA:4914,0
DA:4917,2
DA:4918,0
DA:4920,0
DA:4921,0
DA:4922,0
DA:4924,0
DA:4925,0
DA:4926,0
DA:4927,0
DA:4928,0
DA:4931,0
DA:4932,0
DA:4933,0
DA:4934,0
DA:4936,0
DA:4937,0
DA:4938,0
DA:4940,0
DA:4942,0
DA:4948,1
DA:4949,1
DA:4950,1
DA:4951,1
DA:4969,1
DA:4970,0
DA:4989,1
DA:4990,0
DA:5011,1
DA:5012,0
DA:5033,1
DA:5034,0
DA:5054,1
DA:5055,0
DA:5074,1
DA:5075,0
DA:5100,1
DA:5101,0
DA:5125,1
DA:5126,0
DA:5129,0
DA:5130,0
DA:5131,0
DA:5132,0
DA:5135,0
DA:5157,2
DA:5158,0
DA:5160,0
DA:5167,1
DA:5168,1
DA:5193,2
DA:5194,1
DA:5195,1
DA:5196,1
DA:5197,0
DA:5199,1
DA:5210,1
DA:5211,1
DA:5212,1
DA:5230,2
DA:5231,0
DA:5232,0
DA:5242,1
DA:5243,1
DA:5269,2
DA:5270,0
DA:5271,0
DA:5272,0
DA:5273,0
DA:5274,0
DA:5275,0
DA:5283,0
DA:5291,1
DA:5292,1
DA:5293,1
DA:5318,2
DA:5319,0
DA:5320,0
DA:5321,0
DA:5322,0
DA:5323,0
DA:5324,0
DA:5332,0
DA:5340,1
DA:5341,1
DA:5367,2
DA:5368,0
DA:5369,0
DA:5370,0
DA:5371,0
DA:5372,0
DA:5373,0
DA:5381,0
DA:5389,1
DA:5390,1
DA:5391,1
DA:5416,2
DA:5417,0
DA:5418,0
DA:5419,0
DA:5420,0
DA:5421,0
DA:5422,0
DA:5430,0
DA:5438,1
DA:5439,1
DA:5464,1
DA:5465,0
DA:5466,0
DA:5468,0
DA:5469,0
DA:5470,0
DA:5471,0
DA:5477,0
DA:5504,2
DA:5505,0
DA:5506,0
DA:5507,0
DA:5514,1
DA:5515,1
DA:5589,1
DA:5590,0
DA:5592,0
DA:5604,0
DA:5605,0
DA:5606,0
DA:5607,0
DA:5610,0
DA:5616,0
DA:5617,0
DA:5626,0
DA:5645,2
DA:5646,0
DA:5647,0
DA:5648,0
DA:5655,1
DA:5656,1
DA:5678,2
DA:5679,0
DA:5680,0
DA:5681,0
DA:5683,0
DA:5684,0
DA:5685,0
DA:5686,0
DA:5687,0
DA:5696,0
DA:5702,0
DA:5705,1
DA:5706,1
DA:5747,2
DA:5748,0
DA:5751,2
DA:5752,0
DA:5753,0
DA:5754,0
DA:5755,0
DA:5757,0
DA:5766,1
DA:5767,1
DA:5783,2
DA:5784,0
DA:5785,0
DA:5786,0
DA:5793,1
DA:5794,1
DA:5810,1
DA:5811,0
DA:5812,0
DA:5813,0
DA:5815,0
DA:5862,2
DA:5863,0
DA:5868,0
DA:5870,0
DA:5871,0
DA:5873,0
DA:5874,0
DA:5875,0
DA:5877,0
DA:5880,0
DA:5882,0
DA:5888,0
DA:5889,0
DA:5893,0
DA:5894,0
DA:5895,0
DA:5897,0
DA:5901,0
DA:5902,0
DA:5903,0
DA:5905,0
DA:5906,0
DA:5911,0
DA:5912,0
DA:5913,0
DA:5915,0
DA:5916,0
DA:5917,0
DA:5919,0
DA:5920,0
DA:5923,0
DA:5927,0
DA:5930,0
DA:5933,0
DA:5943,1
DA:5944,1
DA:5982,2
DA:5983,0
DA:5984,0
DA:5985,0
DA:5987,0
DA:5992,0
DA:5993,0
DA:5994,0
DA:5995,0
DA:5996,0
DA:5997,0
DA:5998,0
DA:5999,0
DA:6000,0
DA:6001,0
DA:6002,0
DA:6003,0
DA:6004,0
DA:6005,0
DA:6008,0
DA:6011,0
DA:6012,0
DA:6015,0
DA:6016,0
DA:6024,0
DA:6025,0
DA:6029,0
DA:6030,0
DA:6038,0
DA:6039,0
DA:6040,0
DA:6045,0
DA:6049,0
DA:6050,0
DA:6058,0
DA:6059,0
DA:6060,0
DA:6061,0
DA:6069,0
DA:6070,0
DA:6072,0
DA:6073,0
DA:6077,0
DA:6084,0
DA:6085,0
DA:6088,0
DA:6096,0
DA:6099,1
DA:6100,1
DA:6101,1
DA:6126,2
DA:6127,0
DA:6128,0
DA:6134,0
DA:6141,1
DA:6142,1
DA:6161,1
DA:6162,0
DA:6180,2
DA:6181,0
DA:6182,0
DA:6183,0
DA:6184,0
DA:6193,1
DA:6194,1
DA:6212,2
DA:6213,0
DA:6214,0
DA:6216,0
DA:6217,0
DA:6218,0
DA:6221,0
DA:6228,1
DA:6229,1
DA:6231,2
DA:6232,0
DA:6233,0
DA:6235,0
DA:6236,0
DA:6264,1
DA:6265,0
DA:6266,0
DA:6268,0
DA:6269,0
DA:6271,0
DA:6273,0
DA:6274,0
DA:6283,0
DA:6314,2
DA:6315,0
DA:6316,0
DA:6317,0
DA:6319,0
DA:6328,1
DA:6352,2
DA:6353,0
DA:6354,0
DA:6355,0
DA:6356,0
DA:6358,0
DA:6359,0
DA:6361,0
DA:6368,1
DA:6369,1
DA:6390,2
DA:6391,0
DA:6392,0
DA:6393,0
DA:6394,0
DA:6396,0
DA:6397,0
DA:6399,0
DA:6406,1
DA:6407,1
DA:6428,2
DA:6429,0
DA:6430,0
DA:6431,0
DA:6432,0
DA:6434,0
DA:6435,0
DA:6437,0
DA:6444,1
DA:6445,1
DA:6467,1
DA:6468,0
DA:6475,0
DA:6477,0
DA:6478,0
DA:6480,0
DA:6481,0
DA:6484,0
DA:6509,1
DA:6510,0
DA:6517,0
DA:6519,0
DA:6520,0
DA:6522,0
DA:6523,0
DA:6526,0
DA:6549,1
DA:6550,0
DA:6557,0
DA:6559,0
DA:6560,0
DA:6562,0
DA:6563,0
DA:6566,0
DA:6585,1
DA:6586,1
DA:6587,1
DA:6604,1
DA:6605,0
DA:6606,0
DA:6625,1
DA:6626,1
DA:6628,2
DA:6630,2
DA:6631,0
DA:6632,0
DA:6634,0
DA:6636,2
DA:6643,0
DA:6651,0
DA:6657,0
DA:6673,0
DA:6674,0
DA:6675,0
DA:6697,0
DA:6698,0
DA:6725,0
DA:6726,0
DA:6743,0
DA:6744,0
DA:6748,0
DA:6765,0
DA:6766,0
DA:6789,0
DA:6790,0
DA:6807,0
DA:6808,0
DA:6811,0
DA:6812,0
DA:6814,0
DA:6817,1
DA:6818,1
DA:6833,1
DA:6839,1
DA:6861,1
DA:6862,0
DA:6863,0
DA:6884,1
DA:6885,0
DA:6886,0
DA:6909,1
DA:6910,0
DA:6929,1
DA:6930,0
DA:6948,1
DA:6949,0
DA:6951,0
DA:6975,1
DA:6976,0
DA:6978,0
DA:7002,1
DA:7003,0
DA:7021,1
DA:7022,0
DA:7040,1
DA:7041,0
DA:7059,1
DA:7060,0
DA:7078,1
DA:7079,0
DA:7098,1
DA:7099,0
DA:7117,1
DA:7118,0
DA:7137,1
DA:7138,0
DA:7156,1
DA:7157,0
DA:7175,1
DA:7176,0
DA:7194,1
DA:7195,0
DA:7213,1
DA:7214,0
DA:7231,1
DA:7232,0
DA:7250,1
DA:7251,0
DA:7267,1
DA:7268,0
DA:7283,1
DA:7284,0
DA:7302,1
DA:7303,0
DA:7321,1
DA:7322,0
DA:7340,1
DA:7341,0
DA:7359,1
DA:7360,0
DA:7379,1
DA:7380,0
DA:7399,1
DA:7400,0
DA:7418,1
DA:7419,0
DA:7437,1
DA:7438,0
DA:7456,1
DA:7457,0
DA:7475,1
DA:7476,0
DA:7494,1
DA:7495,0
DA:7513,1
DA:7514,0
DA:7535,1
DA:7536,0
DA:7557,1
DA:7558,0
DA:7582,1
DA:7583,0
DA:7602,1
DA:7603,0
DA:7624,1
DA:7625,0
DA:7646,1
DA:7647,0
DA:7667,1
DA:7668,0
DA:7688,1
DA:7689,0
DA:7707,1
DA:7708,0
DA:7726,1
DA:7727,0
DA:7745,1
DA:7746,0
DA:7764,1
DA:7765,0
DA:7784,1
DA:7785,0
DA:7804,1
DA:7805,0
DA:7825,1
DA:7826,0
DA:7846,1
DA:7847,0
DA:7868,1
DA:7869,0
DA:7890,1
DA:7891,0
DA:7910,1
DA:7911,0
DA:7939,1
DA:7940,0
DA:7941,0
DA:7942,0
DA:7945,0
DA:7946,0
DA:7968,1
DA:7969,0
DA:7970,0
DA:7971,0
DA:7974,0
DA:7994,1
DA:7995,0
DA:7996,0
DA:7998,0
DA:7999,0
DA:8001,0
DA:8002,0
DA:8004,0
DA:8005,0
DA:8007,0
DA:8008,0
DA:8010,0
DA:8011,0
DA:8013,0
DA:8014,0
DA:8016,0
DA:8017,0
DA:8019,0
DA:8020,0
DA:8022,0
DA:8024,0
DA:8025,0
DA:8047,1
DA:8048,0
DA:8067,1
DA:8068,0
DA:8087,1
DA:8088,0
DA:8107,1
DA:8108,0
DA:8127,1
DA:8128,0
DA:8148,1
DA:8149,0
DA:8167,1
DA:8168,0
DA:8189,1
DA:8190,0
DA:8211,1
DA:8212,0
DA:8233,1
DA:8234,0
DA:8255,1
DA:8256,0
DA:8277,1
DA:8278,0
DA:8299,1
DA:8300,0
DA:8319,1
DA:8320,0
DA:8321,0
DA:8340,1
DA:8341,0
DA:8365,1
DA:8366,0
DA:8389,1
DA:8390,0
DA:8408,1
DA:8409,0
DA:8429,1
DA:8430,0
DA:8448,1
DA:8449,0
DA:8456,1
DA:8457,10
DA:8458,10
DA:8477,1
DA:8480,2
DA:8481,1
DA:8483,2
DA:8484,1
DA:8485,1
DA:8486,0
DA:8487,1
DA:8489,1
DA:8490,1
DA:8492,1
DA:8493,1
DA:8494,1
LF:2363
LH:609
BRDA:9,1,0,23
BRDA:9,1,1,46
BRDA:38,2,0,0
BRDA:38,2,1,0
BRDA:49,3,0,0
BRDA:49,3,1,0
BRDA:49,4,0,0
BRDA:49,4,1,0
BRDA:96,5,0,11
BRDA:96,5,1,1
BRDA:97,6,0,5
BRDA:97,6,1,6
BRDA:205,7,0,0
BRDA:205,7,1,0
BRDA:210,8,0,0
BRDA:210,8,1,0
BRDA:213,9,0,0
BRDA:213,9,1,0
BRDA:213,9,2,0
BRDA:213,9,3,0
BRDA:223,10,0,0
BRDA:223,10,1,0
BRDA:223,11,0,0
BRDA:223,11,1,0
BRDA:223,11,2,0
BRDA:223,11,3,0
BRDA:227,12,0,0
BRDA:227,12,1,0
BRDA:229,13,0,0
BRDA:229,13,1,0
BRDA:237,14,0,0
BRDA:237,14,1,0
BRDA:242,15,0,0
BRDA:242,15,1,0
BRDA:243,16,0,0
BRDA:243,16,1,0
BRDA:250,17,0,0
BRDA:250,17,1,0
BRDA:276,18,0,0
BRDA:276,18,1,0
BRDA:281,19,0,0
BRDA:281,19,1,0
BRDA:281,20,0,0
BRDA:281,20,1,0
BRDA:281,20,2,0
BRDA:281,20,3,0
BRDA:281,20,4,0
BRDA:281,20,5,0
BRDA:281,20,6,0
BRDA:285,21,0,0
BRDA:285,21,1,0
BRDA:287,22,0,0
BRDA:287,22,1,0
BRDA:290,23,0,0
BRDA:290,23,1,0
BRDA:293,24,0,0
BRDA:293,24,1,0
BRDA:296,25,0,0
BRDA:296,25,1,0
BRDA:304,26,0,0
BRDA:304,26,1,0
BRDA:310,27,0,0
BRDA:310,27,1,0
BRDA:312,28,0,0
BRDA:312,28,1,0
BRDA:317,29,0,0
BRDA:317,29,1,0
BRDA:322,30,0,0
BRDA:322,30,1,0
BRDA:327,31,0,0
BRDA:327,31,1,0
BRDA:331,32,0,0
BRDA:331,32,1,0
BRDA:331,33,0,0
BRDA:331,33,1,0
BRDA:331,33,2,0
BRDA:335,34,0,0
BRDA:335,34,1,0
BRDA:336,35,0,0
BRDA:336,35,1,0
BRDA:346,36,0,0
BRDA:346,36,1,0
BRDA:361,37,0,0
BRDA:361,37,1,0
BRDA:361,37,2,0
BRDA:361,37,3,0
BRDA:372,38,0,0
BRDA:372,38,1,0
BRDA:372,39,0,0
BRDA:372,39,1,0
BRDA:381,40,0,0
BRDA:381,40,1,0
BRDA:395,41,0,0
BRDA:395,41,1,0
BRDA:403,42,0,0
BRDA:403,42,1,0
BRDA:414,43,0,0
BRDA:414,43,1,0
BRDA:415,44,0,0
BRDA:415,44,1,0
BRDA:416,45,0,0
BRDA:416,45,1,0
BRDA:422,46,0,0
BRDA:422,46,1,0
BRDA:427,47,0,0
BRDA:427,47,1,0
BRDA:430,48,0,0
BRDA:430,48,1,0
BRDA:431,49,0,0
BRDA:431,49,1,0
BRDA:432,50,0,0
BRDA:432,50,1,0
BRDA:437,51,0,0
BRDA:437,51,1,0
BRDA:438,52,0,0
BRDA:438,52,1,0
BRDA:452,53,0,0
BRDA:452,53,1,0
BRDA:453,54,0,0
BRDA:453,54,1,0
BRDA:453,55,0,0
BRDA:453,55,1,0
BRDA:457,56,0,0
BRDA:457,56,1,0
BRDA:476,57,0,0
BRDA:476,57,1,0
BRDA:480,58,0,0
BRDA:480,58,1,0
BRDA:482,59,0,0
BRDA:482,59,1,0
BRDA:493,60,0,0
BRDA:493,60,1,0
BRDA:493,60,2,0
BRDA:498,61,0,0
BRDA:498,61,1,0
BRDA:502,62,0,0
BRDA:502,62,1,0
BRDA:506,63,0,0
BRDA:506,63,1,0
BRDA:538,64,0,0
BRDA:538,64,1,0
BRDA:574,65,0,0
BRDA:574,65,1,0
BRDA:577,66,0,0
BRDA:577,66,1,0
BRDA:586,67,0,0
BRDA:586,67,1,0
BRDA:587,68,0,0
BRDA:587,68,1,0
BRDA:587,69,0,0
BRDA:587,69,1,0
BRDA:628,70,0,0
BRDA:628,70,1,0
BRDA:628,71,0,0
BRDA:628,71,1,0
BRDA:658,72,0,0
BRDA:658,72,1,0
BRDA:683,73,0,0
BRDA:683,73,1,0
BRDA:686,74,0,0
BRDA:686,74,1,0
BRDA:686,75,0,0
BRDA:686,75,1,0
BRDA:724,76,0,0
BRDA:724,76,1,0
BRDA:724,77,0,0
BRDA:724,77,1,0
BRDA:725,78,0,0
BRDA:725,78,1,0
BRDA:726,79,0,0
BRDA:726,79,1,0
BRDA:726,80,0,0
BRDA:726,80,1,0
BRDA:729,81,0,0
BRDA:729,81,1,0
BRDA:731,82,0,0
BRDA:731,82,1,0
BRDA:733,83,0,0
BRDA:733,83,1,0
BRDA:780,84,0,0
BRDA:780,84,1,0
BRDA:782,85,0,0
BRDA:782,85,1,0
BRDA:786,86,0,0
BRDA:786,86,1,0
BRDA:789,87,0,0
BRDA:789,87,1,0
BRDA:789,88,0,0
BRDA:789,88,1,0
BRDA:789,88,2,0
BRDA:789,88,3,0
BRDA:836,89,0,0
BRDA:836,89,1,0
BRDA:837,90,0,0
BRDA:837,90,1,0
BRDA:871,91,0,0
BRDA:871,91,1,0
BRDA:896,92,0,0
BRDA:896,92,1,0
BRDA:900,93,0,0
BRDA:900,93,1,0
BRDA:901,94,0,0
BRDA:901,94,1,0
BRDA:903,95,0,0
BRDA:903,95,1,0
BRDA:905,96,0,0
BRDA:905,96,1,0
BRDA:972,97,0,0
BRDA:972,97,1,0
BRDA:972,98,0,0
BRDA:972,98,1,0
BRDA:977,99,0,0
BRDA:977,99,1,0
BRDA:977,100,0,0
BRDA:977,100,1,0
BRDA:1026,101,0,0
BRDA:1026,101,1,1
BRDA:1105,102,0,5
BRDA:1105,102,1,0
BRDA:1328,103,0,0
BRDA:1328,103,1,1
BRDA:1364,104,0,0
BRDA:1364,104,1,0
BRDA:1364,105,0,0
BRDA:1364,105,1,0
BRDA:1366,106,0,0
BRDA:1366,106,1,0
BRDA:1368,107,0,0
BRDA:1368,107,1,0
BRDA:1386,108,0,0
BRDA:1386,108,1,0
BRDA:1435,109,0,0
BRDA:1435,109,1,0
BRDA:1459,110,0,0
BRDA:1459,110,1,0
BRDA:1462,111,0,0
BRDA:1462,111,1,0
BRDA:1462,112,0,0
BRDA:1462,112,1,0
BRDA:1464,113,0,0
BRDA:1464,113,1,0
BRDA:1464,114,0,0
BRDA:1464,114,1,0
BRDA:1507,115,0,0
BRDA:1507,115,1,0
BRDA:1508,116,0,0
BRDA:1508,116,1,0
BRDA:1508,117,0,0
BRDA:1508,117,1,0
BRDA:1512,118,0,0
BRDA:1512,118,1,0
BRDA:1563,119,0,0
BRDA:1563,119,1,0
BRDA:1566,120,0,0
BRDA:1566,120,1,0
BRDA:1567,121,0,0
BRDA:1567,121,1,0
BRDA:1573,122,0,0
BRDA:1573,122,1,0
BRDA:1604,123,0,0
BRDA:1604,123,1,0
BRDA:1702,124,0,0
BRDA:1702,124,1,0
BRDA:1704,125,0,0
BRDA:1704,125,1,0
BRDA:1706,126,0,0
BRDA:1706,126,1,0
BRDA:1708,127,0,0
BRDA:1708,127,1,0
BRDA:1710,128,0,0
BRDA:1710,128,1,0
BRDA:1712,129,0,0
BRDA:1712,129,1,0
BRDA:1714,130,0,0
BRDA:1714,130,1,0
BRDA:1714,131,0,0
BRDA:1714,131,1,0
BRDA:1714,131,2,0
BRDA:1714,131,3,0
BRDA:1732,132,0,0
BRDA:1732,132,1,0
BRDA:1732,133,0,0
BRDA:1732,133,1,0
BRDA:1733,134,0,0
BRDA:1733,134,1,0
BRDA:1761,135,0,0
BRDA:1761,135,1,0
BRDA:1775,136,0,0
BRDA:1775,136,1,0
BRDA:1791,137,0,0
BRDA:1791,137,1,0
BRDA:1820,138,0,0
BRDA:1820,138,1,0
BRDA:1826,139,0,0
BRDA:1826,139,1,0
BRDA:1845,140,0,0
BRDA:1845,140,1,0
BRDA:1858,141,0,0
BRDA:1858,141,1,0
BRDA:1873,142,0,0
BRDA:1873,142,1,0
BRDA:1873,143,0,0
BRDA:1873,143,1,0
BRDA:1877,144,0,0
BRDA:1877,144,1,0
BRDA:1882,145,0,0
BRDA:1882,145,1,0
BRDA:1884,146,0,0
BRDA:1884,146,1,0
BRDA:1884,147,0,0
BRDA:1884,147,1,0
BRDA:1884,147,2,0
BRDA:1884,147,3,0
BRDA:1903,148,0,0
BRDA:1903,148,1,0
BRDA:1912,149,0,0
BRDA:1912,149,1,0
BRDA:1970,150,0,0
BRDA:1970,150,1,0
BRDA:1971,151,0,0
BRDA:1971,151,1,0
BRDA:1972,152,0,0
BRDA:1972,152,1,0
BRDA:1973,153,0,0
BRDA:1973,153,1,0
BRDA:2039,154,0,0
BRDA:2039,154,1,0
BRDA:2063,155,0,0
BRDA:2063,155,1,0
BRDA:2066,156,0,0
BRDA:2066,156,1,0
BRDA:2066,157,0,0
BRDA:2066,157,1,0
BRDA:2068,158,0,0
BRDA:2068,158,1,0
BRDA:2068,159,0,0
BRDA:2068,159,1,0
BRDA:2123,160,0,0
BRDA:2123,160,1,1
BRDA:2136,161,0,1
BRDA:2136,161,1,1
BRDA:2136,161,2,1
BRDA:2145,162,0,1
BRDA:2145,162,1,0
BRDA:2151,163,0,0
BRDA:2151,163,1,0
BRDA:2154,164,0,0
BRDA:2154,164,1,0
BRDA:2160,165,0,0
BRDA:2160,165,1,0
BRDA:2180,166,0,0
BRDA:2180,166,1,0
BRDA:2180,167,0,0
BRDA:2180,167,1,0
BRDA:2185,168,0,0
BRDA:2185,168,1,0
BRDA:2186,169,0,0
BRDA:2186,169,1,0
BRDA:2205,170,0,0
BRDA:2205,170,1,0
BRDA:2209,171,0,0
BRDA:2209,171,1,0
BRDA:2209,172,0,0
BRDA:2209,172,1,0
BRDA:2213,173,0,0
BRDA:2213,173,1,0
BRDA:2232,174,0,1
BRDA:2232,174,1,0
BRDA:2235,175,0,0
BRDA:2235,175,1,1
BRDA:2235,176,0,1
BRDA:2235,176,1,0
BRDA:2235,176,2,0
BRDA:2246,177,0,0
BRDA:2246,177,1,0
BRDA:2248,178,0,0
BRDA:2248,178,1,0
BRDA:2255,179,0,0
BRDA:2255,179,1,0
BRDA:2258,180,0,0
BRDA:2258,180,1,0
BRDA:2262,181,0,0
BRDA:2262,181,1,0
BRDA:2279,182,0,0
BRDA:2279,182,1,0
BRDA:2280,183,0,0
BRDA:2280,183,1,0
BRDA:2302,184,0,0
BRDA:2302,184,1,0
BRDA:2302,185,0,0
BRDA:2302,185,1,0
BRDA:2306,186,0,0
BRDA:2306,186,1,0
BRDA:2315,187,0,0
BRDA:2315,187,1,0
BRDA:2326,188,0,0
BRDA:2326,188,1,0
BRDA:2337,189,0,0
BRDA:2337,189,1,0
BRDA:2337,190,0,0
BRDA:2337,190,1,0
BRDA:2341,191,0,0
BRDA:2341,191,1,0
BRDA:2341,192,0,0
BRDA:2341,192,1,0
BRDA:2345,193,0,0
BRDA:2345,193,1,0
BRDA:2345,194,0,0
BRDA:2345,194,1,0
BRDA:2347,195,0,0
BRDA:2347,195,1,0
BRDA:2353,196,0,0
BRDA:2353,196,1,0
BRDA:2365,197,0,0
BRDA:2365,197,1,0
BRDA:2369,198,0,0
BRDA:2369,198,1,0
BRDA:2377,199,0,0
BRDA:2377,199,1,0
BRDA:2378,200,0,0
BRDA:2378,200,1,0
BRDA:2378,201,0,0
BRDA:2378,201,1,0
BRDA:2378,201,2,0
BRDA:2380,202,0,0
BRDA:2380,202,1,0
BRDA:2380,203,0,0
BRDA:2380,203,1,0
BRDA:2386,204,0,0
BRDA:2386,204,1,0
BRDA:2386,205,0,0
BRDA:2386,205,1,0
BRDA:2397,206,0,0
BRDA:2397,206,1,0
BRDA:2405,207,0,0
BRDA:2405,207,1,0
BRDA:2412,208,0,0
BRDA:2412,208,1,0
BRDA:2416,209,0,0
BRDA:2416,209,1,0
BRDA:2416,210,0,0
BRDA:2416,210,1,0
BRDA:2420,211,0,0
BRDA:2420,211,1,0
BRDA:2426,212,0,0
BRDA:2426,212,1,0
BRDA:2433,213,0,0
BRDA:2433,213,1,0
BRDA:2434,214,0,0
BRDA:2434,214,1,0
BRDA:2439,215,0,0
BRDA:2439,215,1,0
BRDA:2439,215,2,0
BRDA:2439,215,3,0
BRDA:2439,215,4,0
BRDA:2439,215,5,0
BRDA:2439,215,6,0
BRDA:2439,215,7,0
BRDA:2439,215,8,0
BRDA:2439,215,9,0
BRDA:2439,215,10,0
BRDA:2439,215,11,0
BRDA:2458,216,0,0
BRDA:2458,216,1,0
BRDA:2462,217,0,0
BRDA:2462,217,1,0
BRDA:2467,218,0,0
BRDA:2467,218,1,0
BRDA:2478,219,0,0
BRDA:2478,219,1,0
BRDA:2488,220,0,0
BRDA:2488,220,1,0
BRDA:2491,221,0,0
BRDA:2491,221,1,0
BRDA:2491,222,0,0
BRDA:2491,222,1,0
BRDA:2491,222,2,0
BRDA:2491,222,3,0
BRDA:2495,223,0,0
BRDA:2495,223,1,0
BRDA:2500,224,0,0
BRDA:2500,224,1,0
BRDA:2505,225,0,0
BRDA:2505,225,1,0
BRDA:2505,225,2,0
BRDA:2505,225,3,0
BRDA:2505,225,4,0
BRDA:2505,225,5,0
BRDA:2505,225,6,0
BRDA:2505,225,7,0
BRDA:2505,225,8,0
BRDA:2505,225,9,0
BRDA:2505,225,10,0
BRDA:2505,225,11,0
BRDA:2505,225,12,0
BRDA:2524,226,0,0
BRDA:2524,226,1,0
BRDA:2542,227,0,0
BRDA:2542,227,1,0
BRDA:2542,228,0,0
BRDA:2542,228,1,0
BRDA:2547,229,0,0
BRDA:2547,229,1,0
BRDA:2551,230,0,0
BRDA:2551,230,1,0
BRDA:2551,231,0,0
BRDA:2551,231,1,0
BRDA:2555,232,0,0
BRDA:2555,232,1,0
BRDA:2563,233,0,0
BRDA:2563,233,1,0
BRDA:2567,234,0,0
BRDA:2567,234,1,0
BRDA:2570,235,0,0
BRDA:2570,235,1,0
BRDA:2570,235,2,0
BRDA:2570,235,3,0
BRDA:2570,235,4,0
BRDA:2570,235,5,0
BRDA:2570,235,6,0
BRDA:2570,235,7,0
BRDA:2570,235,8,0
BRDA:2570,235,9,0
BRDA:2570,235,10,0
BRDA:2570,235,11,0
BRDA:2595,236,0,0
BRDA:2595,236,1,0
BRDA:2614,237,0,0
BRDA:2614,237,1,0
BRDA:2625,238,0,0
BRDA:2625,238,1,0
BRDA:2637,239,0,0
BRDA:2637,239,1,0
BRDA:2651,240,0,0
BRDA:2651,240,1,0
BRDA:2652,241,0,0
BRDA:2652,241,1,0
BRDA:2657,242,0,0
BRDA:2657,242,1,0
BRDA:2658,243,0,0
BRDA:2658,243,1,0
BRDA:2665,244,0,0
BRDA:2665,244,1,0
BRDA:2667,245,0,0
BRDA:2667,245,1,0
BRDA:2673,246,0,0
BRDA:2673,246,1,0
BRDA:2677,247,0,0
BRDA:2677,247,1,0
BRDA:2680,248,0,0
BRDA:2680,248,1,0
BRDA:2681,249,0,0
BRDA:2681,249,1,0
BRDA:2683,250,0,0
BRDA:2683,250,1,0
BRDA:2686,251,0,0
BRDA:2686,251,1,0
BRDA:2690,252,0,0
BRDA:2690,252,1,0
BRDA:2690,253,0,0
BRDA:2690,253,1,0
BRDA:2690,253,2,0
BRDA:2690,253,3,0
BRDA:2694,254,0,0
BRDA:2694,254,1,0
BRDA:2694,255,0,0
BRDA:2694,255,1,0
BRDA:2697,256,0,0
BRDA:2697,256,1,0
BRDA:2700,257,0,0
BRDA:2700,257,1,0
BRDA:2709,258,0,0
BRDA:2709,258,1,0
BRDA:2719,259,0,0
BRDA:2719,259,1,0
BRDA:2726,260,0,0
BRDA:2726,260,1,0
BRDA:2727,261,0,0
BRDA:2727,261,1,0
BRDA:2742,262,0,0
BRDA:2742,262,1,0
BRDA:2745,263,0,0
BRDA:2745,263,1,0
BRDA:2748,264,0,0
BRDA:2748,264,1,0
BRDA:2750,265,0,0
BRDA:2750,265,1,0
BRDA:2754,266,0,0
BRDA:2754,266,1,0
BRDA:2756,267,0,0
BRDA:2756,267,1,0
BRDA:2760,268,0,0
BRDA:2760,268,1,0
BRDA:2761,269,0,0
BRDA:2761,269,1,0
BRDA:2762,270,0,0
BRDA:2762,270,1,0
BRDA:2764,271,0,0
BRDA:2764,271,1,0
BRDA:2765,272,0,0
BRDA:2765,272,1,0
BRDA:2770,273,0,0
BRDA:2770,273,1,0
BRDA:2775,274,0,0
BRDA:2775,274,1,0
BRDA:2777,275,0,0
BRDA:2777,275,1,0
BRDA:2781,276,0,0
BRDA:2781,276,1,0
BRDA:2783,277,0,0
BRDA:2783,277,1,0
BRDA:2783,278,0,0
BRDA:2783,278,1,0
BRDA:2785,279,0,0
BRDA:2785,279,1,0
BRDA:2802,280,0,0
BRDA:2802,280,1,0
BRDA:2804,281,0,0
BRDA:2804,281,1,0
BRDA:2804,282,0,0
BRDA:2804,282,1,0
BRDA:2804,282,2,0
BRDA:2804,282,3,0
BRDA:2806,283,0,0
BRDA:2806,283,1,0
BRDA:2806,284,0,0
BRDA:2806,284,1,0
BRDA:2817,285,0,0
BRDA:2817,285,1,0
BRDA:2825,286,0,0
BRDA:2825,286,1,0
BRDA:2828,287,0,0
BRDA:2828,287,1,0
BRDA:2828,288,0,0
BRDA:2828,288,1,0
BRDA:2829,289,0,0
BRDA:2829,289,1,0
BRDA:2830,290,0,0
BRDA:2830,290,1,0
BRDA:2832,291,0,0
BRDA:2832,291,1,0
BRDA:2837,292,0,0
BRDA:2837,292,1,0
BRDA:2841,293,0,0
BRDA:2841,293,1,0
BRDA:2846,294,0,0
BRDA:2846,294,1,0
BRDA:2866,295,0,0
BRDA:2866,295,1,0
BRDA:2868,296,0,0
BRDA:2868,296,1,0
BRDA:2872,297,0,0
BRDA:2872,297,1,0
BRDA:2879,298,0,0
BRDA:2879,298,1,0
BRDA:2881,299,0,0
BRDA:2881,299,1,0
BRDA:2886,300,0,0
BRDA:2886,300,1,0
BRDA:2914,301,0,0
BRDA:2914,301,1,0
BRDA:2919,302,0,0
BRDA:2919,302,1,0
BRDA:2919,303,0,0
BRDA:2919,303,1,0
BRDA:2924,304,0,0
BRDA:2924,304,1,0
BRDA:2926,305,0,0
BRDA:2926,305,1,0
BRDA:2928,306,0,0
BRDA:2928,306,1,0
BRDA:2941,307,0,0
BRDA:2941,307,1,0
BRDA:2941,308,0,0
BRDA:2941,308,1,0
BRDA:2943,309,0,0
BRDA:2943,309,1,0
BRDA:2943,310,0,0
BRDA:2943,310,1,0
BRDA:2943,310,2,0
BRDA:2943,310,3,0
BRDA:2947,311,0,0
BRDA:2947,311,1,0
BRDA:2951,312,0,0
BRDA:2951,312,1,0
BRDA:2951,312,2,0
BRDA:2951,312,3,0
BRDA:2951,312,4,0
BRDA:2951,312,5,0
BRDA:2951,312,6,0
BRDA:2951,312,7,0
BRDA:2951,312,8,0
BRDA:2951,312,9,0
BRDA:2951,312,10,0
BRDA:2951,312,11,0
BRDA:2977,313,0,0
BRDA:2977,313,1,0
BRDA:2987,314,0,0
BRDA:2987,314,1,0
BRDA:2992,315,0,0
BRDA:2992,315,1,0
BRDA:2992,316,0,0
BRDA:2992,316,1,0
BRDA:3007,317,0,0
BRDA:3007,317,1,0
BRDA:3008,318,0,0
BRDA:3008,318,1,0
BRDA:3009,319,0,0
BRDA:3009,319,1,0
BRDA:3012,320,0,0
BRDA:3012,320,1,0
BRDA:3015,321,0,0
BRDA:3015,321,1,0
BRDA:3015,321,2,0
BRDA:3015,321,3,0
BRDA:3017,322,0,0
BRDA:3017,322,1,0
BRDA:3023,323,0,0
BRDA:3023,323,1,0
BRDA:3025,324,0,0
BRDA:3025,324,1,0
BRDA:3033,325,0,0
BRDA:3033,325,1,0
BRDA:3033,326,0,0
BRDA:3033,326,1,0
BRDA:3035,327,0,0
BRDA:3035,327,1,0
BRDA:3035,328,0,0
BRDA:3035,328,1,0
BRDA:3035,328,2,0
BRDA:3044,329,0,0
BRDA:3044,329,1,0
BRDA:3044,330,0,0
BRDA:3044,330,1,0
BRDA:3044,330,2,0
BRDA:3046,331,0,0
BRDA:3046,331,1,0
BRDA:3046,332,0,0
BRDA:3046,332,1,0
BRDA:3053,333,0,0
BRDA:3053,333,1,0
BRDA:3058,334,0,0
BRDA:3058,334,1,0
BRDA:3079,335,0,0
BRDA:3079,335,1,0
BRDA:3118,336,0,0
BRDA:3118,336,1,0
BRDA:3118,337,0,0
BRDA:3118,337,1,0
BRDA:3119,338,0,0
BRDA:3119,338,1,0
BRDA:3119,339,0,0
BRDA:3119,339,1,0
BRDA:3119,339,2,0
BRDA:3140,340,0,0
BRDA:3140,340,1,0
BRDA:3142,341,0,0
BRDA:3142,341,1,0
BRDA:3144,342,0,0
BRDA:3144,342,1,0
BRDA:3145,343,0,0
BRDA:3145,343,1,0
BRDA:3149,344,0,0
BRDA:3149,344,1,0
BRDA:3151,345,0,0
BRDA:3151,345,1,0
BRDA:3152,346,0,0
BRDA:3152,346,1,0
BRDA:3156,347,0,0
BRDA:3156,347,1,0
BRDA:3159,348,0,0
BRDA:3159,348,1,0
BRDA:3177,349,0,0
BRDA:3177,349,1,0
BRDA:3177,350,0,0
BRDA:3177,350,1,0
BRDA:3178,351,0,0
BRDA:3178,351,1,0
BRDA:3184,352,0,0
BRDA:3184,352,1,0
BRDA:3189,353,0,0
BRDA:3189,353,1,0
BRDA:3199,354,0,0
BRDA:3199,354,1,0
BRDA:3205,355,0,0
BRDA:3205,355,1,0
BRDA:3213,356,0,0
BRDA:3213,356,1,0
BRDA:3218,357,0,0
BRDA:3218,357,1,0
BRDA:3223,358,0,0
BRDA:3223,358,1,0
BRDA:3228,359,0,0
BRDA:3228,359,1,0
BRDA:3237,360,0,0
BRDA:3237,360,1,0
BRDA:3248,361,0,0
BRDA:3248,361,1,0
BRDA:3253,362,0,0
BRDA:3253,362,1,0
BRDA:3258,363,0,0
BRDA:3258,363,1,0
BRDA:3266,364,0,0
BRDA:3266,364,1,0
BRDA:3271,365,0,0
BRDA:3271,365,1,0
BRDA:3276,366,0,0
BRDA:3276,366,1,0
BRDA:3282,367,0,0
BRDA:3282,367,1,0
BRDA:3283,368,0,0
BRDA:3283,368,1,0
BRDA:3288,369,0,0
BRDA:3288,369,1,0
BRDA:3290,370,0,0
BRDA:3290,370,1,0
BRDA:3294,371,0,0
BRDA:3294,371,1,0
BRDA:3296,372,0,0
BRDA:3296,372,1,0
BRDA:3300,373,0,0
BRDA:3300,373,1,0
BRDA:3309,374,0,0
BRDA:3309,374,1,0
BRDA:3318,375,0,0
BRDA:3318,375,1,0
BRDA:3323,376,0,0
BRDA:3323,376,1,0
BRDA:3328,377,0,0
BRDA:3328,377,1,0
BRDA:3333,378,0,0
BRDA:3333,378,1,0
BRDA:3338,379,0,0
BRDA:3338,379,1,0
BRDA:3339,380,0,0
BRDA:3339,380,1,0
BRDA:3339,381,0,0
BRDA:3339,381,1,0
BRDA:3340,382,0,0
BRDA:3340,382,1,0
BRDA:3347,383,0,0
BRDA:3347,383,1,0
BRDA:3355,384,0,0
BRDA:3355,384,1,0
BRDA:3366,385,0,0
BRDA:3366,385,1,0
BRDA:3374,386,0,0
BRDA:3374,386,1,0
BRDA:3384,387,0,0
BRDA:3384,387,1,0
BRDA:3385,388,0,0
BRDA:3385,388,1,0
BRDA:3391,389,0,0
BRDA:3391,389,1,0
BRDA:3393,390,0,0
BRDA:3393,390,1,0
BRDA:3394,391,0,0
BRDA:3394,391,1,0
BRDA:3401,392,0,0
BRDA:3401,392,1,0
BRDA:3402,393,0,0
BRDA:3402,393,1,0
BRDA:3414,394,0,0
BRDA:3414,394,1,0
BRDA:3415,395,0,0
BRDA:3415,395,1,0
BRDA:3425,396,0,0
BRDA:3425,396,1,0
BRDA:3427,397,0,0
BRDA:3427,397,1,0
BRDA:3434,398,0,0
BRDA:3434,398,1,0
BRDA:3435,399,0,0
BRDA:3435,399,1,0
BRDA:3449,400,0,0
BRDA:3449,400,1,0
BRDA:3450,401,0,0
BRDA:3450,401,1,0
BRDA:3464,402,0,0
BRDA:3464,402,1,0
BRDA:3474,403,0,0
BRDA:3474,403,1,0
BRDA:3475,404,0,0
BRDA:3475,404,1,0
BRDA:3475,405,0,0
BRDA:3475,405,1,0
BRDA:3475,405,2,0
BRDA:3487,406,0,0
BRDA:3487,406,1,0
BRDA:3497,407,0,0
BRDA:3497,407,1,0
BRDA:3498,408,0,0
BRDA:3498,408,1,0
BRDA:3498,409,0,0
BRDA:3498,409,1,0
BRDA:3498,409,2,0
BRDA:3510,410,0,0
BRDA:3510,410,1,0
BRDA:3511,411,0,0
BRDA:3511,411,1,0
BRDA:3512,412,0,0
BRDA:3512,412,1,0
BRDA:3520,413,0,0
BRDA:3520,413,1,0
BRDA:3521,414,0,0
BRDA:3521,414,1,0
BRDA:3533,415,0,0
BRDA:3533,415,1,0
BRDA:3534,416,0,0
BRDA:3534,416,1,0
BRDA:3546,417,0,0
BRDA:3546,417,1,0
BRDA:3547,418,0,0
BRDA:3547,418,1,0
BRDA:3561,419,0,0
BRDA:3561,419,1,0
BRDA:3562,420,0,0
BRDA:3562,420,1,0
BRDA:3563,421,0,0
BRDA:3563,421,1,0
BRDA:3575,422,0,0
BRDA:3575,422,1,0
BRDA:3576,423,0,0
BRDA:3576,423,1,0
BRDA:3580,424,0,0
BRDA:3580,424,1,0
BRDA:3596,425,0,0
BRDA:3596,425,1,0
BRDA:3613,426,0,0
BRDA:3613,426,1,0
BRDA:3614,427,0,0
BRDA:3614,427,1,0
BRDA:3614,428,0,0
BRDA:3614,428,1,0
BRDA:3615,429,0,0
BRDA:3615,429,1,0
BRDA:3616,430,0,0
BRDA:3616,430,1,0
BRDA:3617,431,0,0
BRDA:3617,431,1,0
BRDA:3617,432,0,0
BRDA:3617,432,1,0
BRDA:3620,433,0,0
BRDA:3620,433,1,0
BRDA:3621,434,0,0
BRDA:3621,434,1,0
BRDA:3621,435,0,0
BRDA:3621,435,1,0
BRDA:3624,436,0,0
BRDA:3624,436,1,0
BRDA:3627,437,0,0
BRDA:3627,437,1,0
BRDA:3627,438,0,0
BRDA:3627,438,1,0
BRDA:3628,439,0,0
BRDA:3628,439,1,0
BRDA:3631,440,0,0
BRDA:3631,440,1,0
BRDA:3632,441,0,0
BRDA:3632,441,1,0
BRDA:3639,442,0,0
BRDA:3639,442,1,0
BRDA:3639,443,0,0
BRDA:3639,443,1,0
BRDA:3639,443,2,0
BRDA:3644,444,0,0
BRDA:3644,444,1,0
BRDA:3644,445,0,0
BRDA:3644,445,1,0
BRDA:3666,446,0,0
BRDA:3666,446,1,0
BRDA:3667,447,0,0
BRDA:3667,447,1,0
BRDA:3671,448,0,0
BRDA:3671,448,1,0
BRDA:3675,449,0,0
BRDA:3675,449,1,0
BRDA:3677,450,0,0
BRDA:3677,450,1,0
BRDA:3681,451,0,0
BRDA:3681,451,1,0
BRDA:3681,452,0,0
BRDA:3681,452,1,0
BRDA:3684,453,0,0
BRDA:3684,453,1,0
BRDA:3684,454,0,0
BRDA:3684,454,1,0
BRDA:3687,455,0,0
BRDA:3687,455,1,0
BRDA:3692,456,0,0
BRDA:3692,456,1,0
BRDA:3692,457,0,0
BRDA:3692,457,1,0
BRDA:3692,457,2,0
BRDA:3696,458,0,0
BRDA:3696,458,1,0
BRDA:3701,459,0,0
BRDA:3701,459,1,0
BRDA:3703,460,0,0
BRDA:3703,460,1,0
BRDA:3706,461,0,0
BRDA:3706,461,1,0
BRDA:3711,462,0,0
BRDA:3711,462,1,0
BRDA:3732,463,0,0
BRDA:3732,463,1,0
BRDA:3741,464,0,0
BRDA:3741,464,1,0
BRDA:3746,465,0,0
BRDA:3746,465,1,0
BRDA:3751,466,0,0
BRDA:3751,466,1,0
BRDA:3761,467,0,0
BRDA:3761,467,1,0
BRDA:3761,468,0,0
BRDA:3761,468,1,0
BRDA:3763,469,0,0
BRDA:3763,469,1,0
BRDA:3765,470,0,0
BRDA:3765,470,1,0
BRDA:3767,471,0,0
BRDA:3767,471,1,0
BRDA:3769,472,0,0
BRDA:3769,472,1,0
BRDA:3771,473,0,0
BRDA:3771,473,1,0
BRDA:3782,474,0,0
BRDA:3782,474,1,0
BRDA:3783,475,0,0
BRDA:3783,475,1,0
BRDA:3790,476,0,0
BRDA:3790,476,1,0
BRDA:3792,477,0,0
BRDA:3792,477,1,0
BRDA:3798,478,0,0
BRDA:3798,478,1,0
BRDA:3799,479,0,0
BRDA:3799,479,1,0
BRDA:3801,480,0,0
BRDA:3801,480,1,0
BRDA:3802,481,0,0
BRDA:3802,481,1,0
BRDA:3807,482,0,0
BRDA:3807,482,1,0
BRDA:3808,483,0,0
BRDA:3808,483,1,0
BRDA:3814,484,0,0
BRDA:3814,484,1,0
BRDA:3815,485,0,0
BRDA:3815,485,1,0
BRDA:3843,486,0,0
BRDA:3843,486,1,0
BRDA:3861,487,0,0
BRDA:3861,487,1,0
BRDA:3861,488,0,0
BRDA:3861,488,1,0
BRDA:3886,489,0,1
BRDA:3886,489,1,0
BRDA:3886,489,2,0
BRDA:3889,490,0,0
BRDA:3889,490,1,0
BRDA:3913,491,0,1
BRDA:3913,491,1,0
BRDA:3926,492,0,0
BRDA:3926,492,1,0
BRDA:3935,493,0,0
BRDA:3935,493,1,0
BRDA:3935,494,0,0
BRDA:3935,494,1,0
BRDA:3951,495,0,0
BRDA:3951,495,1,0
BRDA:3962,496,0,0
BRDA:3962,496,1,0
BRDA:3965,497,0,0
BRDA:3965,497,1,0
BRDA:3998,498,0,0
BRDA:3998,498,1,0
BRDA:4002,499,0,0
BRDA:4002,499,1,0
BRDA:4007,500,0,0
BRDA:4007,500,1,0
BRDA:4031,501,0,0
BRDA:4031,501,1,0
BRDA:4032,502,0,0
BRDA:4032,502,1,0
BRDA:4047,503,0,0
BRDA:4047,503,1,0
BRDA:4049,504,0,0
BRDA:4049,504,1,0
BRDA:4050,505,0,0
BRDA:4050,505,1,0
BRDA:4050,506,0,0
BRDA:4050,506,1,0
BRDA:4055,507,0,0
BRDA:4055,507,1,0
BRDA:4063,508,0,0
BRDA:4063,508,1,0
BRDA:4064,509,0,0
BRDA:4064,509,1,0
BRDA:4065,510,0,0
BRDA:4065,510,1,0
BRDA:4066,511,0,0
BRDA:4066,511,1,0
BRDA:4066,512,0,0
BRDA:4066,512,1,0
BRDA:4066,512,2,0
BRDA:4070,513,0,0
BRDA:4070,513,1,0
BRDA:4070,514,0,0
BRDA:4070,514,1,0
BRDA:4071,515,0,0
BRDA:4071,515,1,0
BRDA:4075,516,0,0
BRDA:4075,516,1,0
BRDA:4079,517,0,0
BRDA:4079,517,1,0
BRDA:4084,518,0,0
BRDA:4084,518,1,0
BRDA:4089,519,0,0
BRDA:4089,519,1,0
BRDA:4092,520,0,0
BRDA:4092,520,1,0
BRDA:4117,521,0,1
BRDA:4117,521,1,0
BRDA:4214,522,0,1
BRDA:4214,522,1,0
BRDA:4214,523,0,1
BRDA:4214,523,1,1
BRDA:4218,524,0,0
BRDA:4218,524,1,1
BRDA:4267,525,0,1
BRDA:4267,525,1,0
BRDA:4267,526,0,1
BRDA:4267,526,1,1
BRDA:4270,527,0,1
BRDA:4270,527,1,0
BRDA:4323,528,0,0
BRDA:4323,528,1,0
BRDA:4323,529,0,0
BRDA:4323,529,1,0
BRDA:4329,530,0,0
BRDA:4329,530,1,0
BRDA:4384,531,0,0
BRDA:4384,531,1,0
BRDA:4384,532,0,0
BRDA:4384,532,1,0
BRDA:4389,533,0,0
BRDA:4389,533,1,0
BRDA:4458,534,0,8
BRDA:4458,534,1,5
BRDA:4468,535,0,1
BRDA:4468,535,1,12
BRDA:4479,536,0,0
BRDA:4479,536,1,0
BRDA:4479,537,0,0
BRDA:4479,537,1,0
BRDA:4482,538,0,0
BRDA:4482,538,1,0
BRDA:4486,539,0,0
BRDA:4486,539,1,0
BRDA:4497,540,0,0
BRDA:4497,540,1,0
BRDA:4561,541,0,0
BRDA:4561,541,1,0
BRDA:4567,542,0,0
BRDA:4567,542,1,0
BRDA:4608,543,0,1
BRDA:4608,543,1,1
BRDA:4676,544,0,0
BRDA:4676,544,1,1
BRDA:4677,545,0,0
BRDA:4677,545,1,1
BRDA:4679,546,0,0
BRDA:4679,546,1,1
BRDA:4686,547,0,0
BRDA:4686,547,1,0
BRDA:4876,548,0,0
BRDA:4876,548,1,0
BRDA:4879,549,0,0
BRDA:4879,549,1,0
BRDA:4920,550,0,0
BRDA:4920,550,1,0
BRDA:4924,551,0,0
BRDA:4924,551,1,0
BRDA:4924,552,0,0
BRDA:4924,552,1,0
BRDA:4926,553,0,0
BRDA:4926,553,1,0
BRDA:4931,554,0,0
BRDA:4931,554,1,0
BRDA:4932,555,0,0
BRDA:4932,555,1,0
BRDA:4940,556,0,0
BRDA:4940,556,1,0
BRDA:4994,557,0,0
BRDA:4994,557,1,0
BRDA:5016,558,0,0
BRDA:5016,558,1,0
BRDA:5129,559,0,0
BRDA:5129,559,1,0
BRDA:5129,560,0,0
BRDA:5129,560,1,0
BRDA:5131,561,0,0
BRDA:5131,561,1,0
BRDA:5194,562,0,0
BRDA:5194,562,1,1
BRDA:5196,563,0,0
BRDA:5196,563,1,1
BRDA:5231,564,0,0
BRDA:5231,564,1,0
BRDA:5270,565,0,0
BRDA:5270,565,1,0
BRDA:5272,566,0,0
BRDA:5272,566,1,0
BRDA:5319,567,0,0
BRDA:5319,567,1,0
BRDA:5321,568,0,0
BRDA:5321,568,1,0
BRDA:5368,569,0,0
BRDA:5368,569,1,0
BRDA:5370,570,0,0
BRDA:5370,570,1,0
BRDA:5417,571,0,0
BRDA:5417,571,1,0
BRDA:5419,572,0,0
BRDA:5419,572,1,0
BRDA:5465,573,0,0
BRDA:5465,573,1,0
BRDA:5468,574,0,0
BRDA:5468,574,1,0
BRDA:5472,575,0,0
BRDA:5472,575,1,0
BRDA:5478,576,0,0
BRDA:5478,576,1,0
BRDA:5505,577,0,0
BRDA:5505,577,1,0
BRDA:5590,578,0,0
BRDA:5590,578,1,0
BRDA:5593,579,0,0
BRDA:5593,579,1,0
BRDA:5596,580,0,0
BRDA:5596,580,1,0
BRDA:5597,581,0,0
BRDA:5597,581,1,0
BRDA:5600,582,0,0
BRDA:5600,582,1,0
BRDA:5604,583,0,0
BRDA:5604,583,1,0
BRDA:5604,584,0,0
BRDA:5604,584,1,0
BRDA:5605,585,0,0
BRDA:5605,585,1,0
BRDA:5606,586,0,0
BRDA:5606,586,1,0
BRDA:5616,587,0,0
BRDA:5616,587,1,0
BRDA:5646,588,0,0
BRDA:5646,588,1,0
BRDA:5679,589,0,0
BRDA:5679,589,1,0
BRDA:5683,590,0,0
BRDA:5683,590,1,0
BRDA:5686,591,0,0
BRDA:5686,591,1,0
BRDA:5686,592,0,0
BRDA:5686,592,1,0
BRDA:5752,593,0,0
BRDA:5752,593,1,0
BRDA:5784,594,0,0
BRDA:5784,594,1,0
BRDA:5811,595,0,0
BRDA:5811,595,1,0
BRDA:5868,596,0,0
BRDA:5868,596,1,0
BRDA:5868,596,2,0
BRDA:5870,597,0,0
BRDA:5870,597,1,0
BRDA:5873,598,0,0
BRDA:5873,598,1,0
BRDA:5880,599,0,0
BRDA:5880,599,1,0
BRDA:5888,600,0,0
BRDA:5888,600,1,0
BRDA:5888,601,0,0
BRDA:5888,601,1,0
BRDA:5893,602,0,0
BRDA:5893,602,1,0
BRDA:5901,603,0,0
BRDA:5901,603,1,0
BRDA:5905,604,0,0
BRDA:5905,604,1,0
BRDA:5905,605,0,0
BRDA:5905,605,1,0
BRDA:5906,606,0,0
BRDA:5906,606,1,0
BRDA:5911,607,0,0
BRDA:5911,607,1,0
BRDA:5916,608,0,0
BRDA:5916,608,1,0
BRDA:5919,609,0,0
BRDA:5919,609,1,0
BRDA:5927,610,0,0
BRDA:5927,610,1,0
BRDA:5930,611,0,0
BRDA:5930,611,1,0
BRDA:5983,612,0,0
BRDA:5983,612,1,0
BRDA:5992,613,0,0
BRDA:5992,613,1,0
BRDA:5995,614,0,0
BRDA:5995,614,1,0
BRDA:5995,615,0,0
BRDA:5995,615,1,0
BRDA:5995,615,2,0
BRDA:5998,616,0,0
BRDA:5998,616,1,0
BRDA:5998,617,0,0
BRDA:5998,617,1,0
BRDA:6002,618,0,0
BRDA:6002,618,1,0
BRDA:6004,619,0,0
BRDA:6004,619,1,0
BRDA:6004,620,0,0
BRDA:6004,620,1,0
BRDA:6004,620,2,0
BRDA:6005,621,0,0
BRDA:6005,621,1,0
BRDA:6015,622,0,0
BRDA:6015,622,1,0
BRDA:6020,623,0,0
BRDA:6020,623,1,0
BRDA:6021,624,0,0
BRDA:6021,624,1,0
BRDA:6029,625,0,0
BRDA:6029,625,1,0
BRDA:6035,626,0,0
BRDA:6035,626,1,0
BRDA:6038,627,0,0
BRDA:6038,627,1,0
BRDA:6045,628,0,0
BRDA:6045,628,1,0
BRDA:6045,629,0,0
BRDA:6045,629,1,0
BRDA:6049,630,0,0
BRDA:6049,630,1,0
BRDA:6049,631,0,0
BRDA:6049,631,1,0
BRDA:6049,631,2,0
BRDA:6060,632,0,0
BRDA:6060,632,1,0
BRDA:6060,633,0,0
BRDA:6060,633,1,0
BRDA:6060,633,2,0
BRDA:6078,634,0,0
BRDA:6078,634,1,0
BRDA:6080,635,0,0
BRDA:6080,635,1,0
BRDA:6084,636,0,0
BRDA:6084,636,1,0
BRDA:6092,637,0,0
BRDA:6092,637,1,0
BRDA:6093,638,0,0
BRDA:6093,638,1,0
BRDA:6127,639,0,0
BRDA:6127,639,1,0
BRDA:6130,640,0,0
BRDA:6130,640,1,0
BRDA:6130,641,0,0
BRDA:6130,641,1,0
BRDA:6181,642,0,0
BRDA:6181,642,1,0
BRDA:6188,643,0,0
BRDA:6188,643,1,0
BRDA:6213,644,0,0
BRDA:6213,644,1,0
BRDA:6217,645,0,0
BRDA:6217,645,1,0
BRDA:6217,646,0,0
BRDA:6217,646,1,0
BRDA:6233,647,0,0
BRDA:6233,647,1,0
BRDA:6265,648,0,0
BRDA:6265,648,1,0
BRDA:6271,649,0,0
BRDA:6271,649,1,0
BRDA:6273,650,0,0
BRDA:6273,650,1,0
BRDA:6284,651,0,0
BRDA:6284,651,1,0
BRDA:6315,652,0,0
BRDA:6315,652,1,0
BRDA:6353,653,0,0
BRDA:6353,653,1,0
BRDA:6391,654,0,0
BRDA:6391,654,1,0
BRDA:6429,655,0,0
BRDA:6429,655,1,0
BRDA:6480,656,0,0
BRDA:6480,656,1,0
BRDA:6522,657,0,0
BRDA:6522,657,1,0
BRDA:6562,658,0,0
BRDA:6562,658,1,0
BRDA:6605,659,0,0
BRDA:6605,659,1,0
BRDA:6631,660,0,0
BRDA:6631,660,1,0
BRDA:6631,661,0,0
BRDA:6631,661,1,0
BRDA:6631,661,2,0
BRDA:6674,662,0,0
BRDA:6674,662,1,0
BRDA:6885,663,0,0
BRDA:6885,663,1,0
BRDA:7940,664,0,0
BRDA:7940,664,1,0
BRDA:7940,665,0,0
BRDA:7940,665,1,0
BRDA:7969,666,0,0
BRDA:7969,666,1,0
BRDA:7996,667,0,0
BRDA:7996,667,1,0
BRDA:7996,667,2,0
BRDA:7996,667,3,0
BRDA:7996,667,4,0
BRDA:7996,667,5,0
BRDA:7996,667,6,0
BRDA:7996,667,7,0
BRDA:7996,667,8,0
BRDA:8320,668,0,0
BRDA:8320,668,1,0
BRDA:8485,669,0,0
BRDA:8485,669,1,1
BRF:1433
BRH:40
end_of_record
